2025-04-28 03:09:29,893 - project_utils.starter_class - INFO - Loading configuration from D:\UIUC_Academics\Sem-2\PR\Final_Project\config.yaml
2025-04-28 03:09:29,912 - __main__ - INFO - Starting GitHubCloner with sparse paths: ['README.md', '*.py', '**/*.py', '*.ipynb', '**/*.ipynb']
2025-04-28 03:09:29,927 - __main__ - INFO - Fetching forks (page 1) from iSchool-590PR-2017Fall/Final-project (Fall 2017)...
2025-04-28 03:09:37,885 - __main__ - INFO - Fetching forks (page 2) from iSchool-590PR-2017Fall/Final-project (Fall 2017)...
2025-04-28 03:09:38,001 - __main__ - INFO - Fetching forks (page 1) from iSchool-590PR-2018Spring/Final_Project (Spring 2018)...
2025-04-28 03:09:43,361 - __main__ - INFO - Fetching forks (page 2) from iSchool-590PR-2018Spring/Final_Project (Spring 2018)...
2025-04-28 03:09:43,475 - __main__ - INFO - Fetching forks (page 1) from iSchool-590PR-2018-Summer/Final_Project (Summer 2018)...
2025-04-28 03:09:46,391 - __main__ - INFO - Fetching forks (page 2) from iSchool-590PR-2018-Summer/Final_Project (Summer 2018)...
2025-04-28 03:09:46,536 - __main__ - INFO - Already cloned: cloned_repos\fall2017\Bharath-Ganesh_Final-project
2025-04-28 03:09:46,537 - __main__ - INFO - Already cloned: cloned_repos\fall2017\VeraVasileva_Final-project
2025-04-28 03:09:46,538 - __main__ - INFO - Already cloned: cloned_repos\fall2017\Niteeshkanungo_Final-project
2025-04-28 03:09:46,538 - __main__ - INFO - Already cloned: cloned_repos\fall2017\padalaV_Final-project
2025-04-28 03:09:46,539 - __main__ - INFO - Already cloned: cloned_repos\fall2017\hp9430_Cryptocurrency-Analysis-and-Monte-Carlo-Simulation
2025-04-28 03:09:46,539 - __main__ - INFO - Already cloned: cloned_repos\fall2017\GKAaron_Final-project
2025-04-28 03:09:46,539 - __main__ - INFO - Already cloned: cloned_repos\fall2017\nanda94_Final-project
2025-04-28 03:09:46,540 - __main__ - INFO - Already cloned: cloned_repos\fall2017\shrutisankolli_Final-project
2025-04-28 03:09:46,540 - __main__ - INFO - Already cloned: cloned_repos\fall2017\NNallapu_Final-project
2025-04-28 03:09:46,540 - __main__ - INFO - Already cloned: cloned_repos\fall2017\lijiawei0418_Final-project
2025-04-28 03:09:46,540 - __main__ - INFO - Already cloned: cloned_repos\fall2017\uuvkk_Prediction-of-Probability-for-Products-Making
2025-04-28 03:09:46,541 - __main__ - INFO - Already cloned: cloned_repos\fall2017\yingjun2_Final-project
2025-04-28 03:09:46,541 - __main__ - INFO - Already cloned: cloned_repos\fall2017\jlwang233_IS590PR_MonteCarloSimulation_Project
2025-04-28 03:09:46,541 - __main__ - INFO - Already cloned: cloned_repos\fall2017\JeanZijunCai_IS590-Final-project
2025-04-28 03:09:46,542 - __main__ - INFO - Already cloned: cloned_repos\fall2017\jingdu615_Final-project
2025-04-28 03:09:46,542 - __main__ - INFO - Already cloned: cloned_repos\fall2017\LiriFang_Final-project
2025-04-28 03:09:46,542 - __main__ - INFO - Already cloned: cloned_repos\fall2017\kcwells2_Final-project
2025-04-28 03:09:46,542 - __main__ - INFO - Already cloned: cloned_repos\fall2017\TeemosCode_Final-project
2025-04-28 03:09:46,542 - __main__ - INFO - Already cloned: cloned_repos\fall2017\HDShaw_Final-project
2025-04-28 03:09:46,543 - __main__ - INFO - Already cloned: cloned_repos\fall2017\shivankmishra_Final-project
2025-04-28 03:09:46,543 - __main__ - INFO - Already cloned: cloned_repos\fall2017\Xinhe-Peng_Table-Reservation-System
2025-04-28 03:09:46,544 - __main__ - INFO - Already cloned: cloned_repos\fall2017\SitiZhang_Final-project
2025-04-28 03:09:46,544 - __main__ - INFO - Already cloned: cloned_repos\fall2017\shy950521_Final-project
2025-04-28 03:09:46,544 - __main__ - INFO - Already cloned: cloned_repos\fall2017\tingzhan19921001_Final-project
2025-04-28 03:09:46,544 - __main__ - INFO - Already cloned: cloned_repos\fall2017\Xingxing1018_Final-project
2025-04-28 03:09:46,544 - __main__ - INFO - Already cloned: cloned_repos\fall2017\Wenjun2_Final-project-1
2025-04-28 03:09:46,546 - __main__ - INFO - Already cloned: cloned_repos\fall2017\jiajunc_Final-project
2025-04-28 03:09:46,546 - __main__ - INFO - Already cloned: cloned_repos\fall2017\nateve_Final-project
2025-04-28 03:09:46,546 - __main__ - INFO - Already cloned: cloned_repos\fall2017\NIKEmissa_Final-project
2025-04-28 03:09:46,547 - __main__ - INFO - Already cloned: cloned_repos\fall2017\vasu26_Final-project
2025-04-28 03:09:46,547 - __main__ - INFO - Already cloned: cloned_repos\fall2017\nihalij2_Final-project
2025-04-28 03:09:46,547 - __main__ - INFO - Already cloned: cloned_repos\fall2017\AmarisS_Final-project
2025-04-28 03:09:46,547 - __main__ - INFO - Already cloned: cloned_repos\fall2017\CarolGo_Final-project
2025-04-28 03:09:46,547 - __main__ - INFO - Already cloned: cloned_repos\fall2017\nikolausn_Final-project
2025-04-28 03:09:46,548 - __main__ - INFO - Already cloned: cloned_repos\spring2018\isuyash14_Final_Project
2025-04-28 03:09:46,548 - __main__ - INFO - Already cloned: cloned_repos\spring2018\aditia3_Final_Project
2025-04-28 03:09:46,548 - __main__ - INFO - Already cloned: cloned_repos\spring2018\AayushiVora_Final_Project
2025-04-28 03:09:46,549 - __main__ - INFO - Already cloned: cloned_repos\spring2018\HanLiwillhaveOffer_Final_Project
2025-04-28 03:09:46,549 - __main__ - INFO - Already cloned: cloned_repos\spring2018\harsha491_Final_Project
2025-04-28 03:09:46,549 - __main__ - INFO - Already cloned: cloned_repos\spring2018\YanyuWang_Final_Project
2025-04-28 03:09:46,549 - __main__ - INFO - Already cloned: cloned_repos\spring2018\yahanz_Final_Project
2025-04-28 03:09:46,550 - __main__ - INFO - Already cloned: cloned_repos\spring2018\lemonround1995_Final_Project
2025-04-28 03:09:46,550 - __main__ - INFO - Already cloned: cloned_repos\spring2018\yixin5_Final_Project
2025-04-28 03:09:46,550 - __main__ - INFO - Already cloned: cloned_repos\spring2018\YZ-UIUC_Final_Project
2025-04-28 03:09:46,551 - __main__ - INFO - Already cloned: cloned_repos\spring2018\yujiawang4_Final_Project
2025-04-28 03:09:46,551 - __main__ - INFO - Already cloned: cloned_repos\spring2018\hyestt_Final_Project
2025-04-28 03:09:46,551 - __main__ - INFO - Already cloned: cloned_repos\spring2018\rosafsw_Final_Project
2025-04-28 03:09:46,552 - __main__ - INFO - Already cloned: cloned_repos\spring2018\aarushi50_BINGO-A-Monte-Carlo-Application
2025-04-28 03:09:46,552 - __main__ - INFO - Already cloned: cloned_repos\spring2018\ChaohanShang_Final_Project
2025-04-28 03:09:46,552 - __main__ - INFO - Already cloned: cloned_repos\spring2018\hiralrayani_World-Cup-Simulator
2025-04-28 03:09:46,553 - __main__ - INFO - Already cloned: cloned_repos\spring2018\anmolgandhi_Final_Project
2025-04-28 03:09:46,553 - __main__ - INFO - Already cloned: cloned_repos\spring2018\daisiran_Final_Project
2025-04-28 03:09:46,554 - __main__ - INFO - Already cloned: cloned_repos\spring2018\sayaaoi_Nitrogen-Ice-cream-Shop-Monte_Carlo_Simulation
2025-04-28 03:09:46,554 - __main__ - INFO - Already cloned: cloned_repos\spring2018\shuyanl3_Final_Project
2025-04-28 03:09:46,554 - __main__ - INFO - Already cloned: cloned_repos\spring2018\95chenjz_Monte-Carlo-Simulation-for-Pack-opening-Strategies
2025-04-28 03:09:46,554 - __main__ - INFO - Already cloned: cloned_repos\summer2018\iSchool-590PR-2018-Summer_Final_Project_slieu2
2025-04-28 03:09:46,555 - __main__ - INFO - Already cloned: cloned_repos\summer2018\iSchool-590PR-2018-Summer_Final_Project_VladislavEkimtcov
2025-04-28 03:09:46,555 - __main__ - INFO - Already cloned: cloned_repos\summer2018\iSchool-590PR-2018-Summer_Final_Project_QiuyanGuo
2025-04-28 03:09:46,555 - __main__ - INFO - Already cloned: cloned_repos\summer2018\iSchool-590PR-2018-Summer_Final_Project_nmwolf
2025-04-28 03:09:46,555 - __main__ - INFO - Already cloned: cloned_repos\summer2018\iSchool-590PR-2018-Summer_Final_Project_joshfactorial
2025-04-28 03:09:46,556 - __main__ - INFO - Already cloned: cloned_repos\summer2018\iSchool-590PR-2018-Summer_Final_Project_F1Mider
2025-04-28 03:09:46,556 - __main__ - INFO - Already cloned: cloned_repos\summer2018\iSchool-590PR-2018-Summer_Final_Project_ewijohnson
2025-04-28 03:09:46,556 - __main__ - INFO - Already cloned: cloned_repos\summer2018\iSchool-590PR-2018-Summer_Final_Project_apjanco
2025-04-28 03:09:46,556 - __main__ - INFO - Already cloned: cloned_repos\summer2018\iSchool-590PR-2018-Summer_Final_Project_ajcav
2025-04-28 03:09:46,559 - __main__ - INFO - Cloning completed. Total projects: 64
2025-04-28 03:16:29,621 - project_utils.starter_class - INFO - Loading configuration from D:\UIUC_Academics\Sem-2\PR\Final_Project\config.yaml
2025-04-28 03:16:29,632 - __main__ - INFO - Starting GitHubCloner with sparse paths: ['README.md', '*.py', '**/*.py', '*.ipynb', '**/*.ipynb']
2025-04-28 03:16:29,646 - __main__ - INFO - Fetching forks (page 1) from iSchool-590PR-2017Fall/Final-project (Fall 2017)...
2025-04-28 03:16:36,380 - __main__ - INFO - Fetching forks (page 2) from iSchool-590PR-2017Fall/Final-project (Fall 2017)...
2025-04-28 03:16:36,470 - __main__ - INFO - Fetching forks (page 1) from iSchool-590PR-2018Spring/Final_Project (Spring 2018)...
2025-04-28 03:16:40,915 - __main__ - INFO - Fetching forks (page 2) from iSchool-590PR-2018Spring/Final_Project (Spring 2018)...
2025-04-28 03:16:41,024 - __main__ - INFO - Fetching forks (page 1) from iSchool-590PR-2018-Summer/Final_Project (Summer 2018)...
2025-04-28 03:16:43,498 - __main__ - INFO - Fetching forks (page 2) from iSchool-590PR-2018-Summer/Final_Project (Summer 2018)...
2025-04-28 03:16:43,587 - __main__ - INFO - Attempting sparse clone of https://github.com/Bharath-Ganesh/Final-project.git into cloned_repos\fall2017\Bharath-Ganesh_Final-project...
2025-04-28 03:16:43,588 - __main__ - INFO - Attempting sparse clone of https://github.com/hp9430/Cryptocurrency-Analysis-and-Monte-Carlo-Simulation.git into cloned_repos\fall2017\hp9430_Cryptocurrency-Analysis-and-Monte-Carlo-Simulation...
2025-04-28 03:16:43,588 - __main__ - INFO - Attempting sparse clone of https://github.com/VeraVasileva/Final-project.git into cloned_repos\fall2017\VeraVasileva_Final-project...
2025-04-28 03:16:43,588 - __main__ - INFO - Attempting sparse clone of https://github.com/Niteeshkanungo/Final-project.git into cloned_repos\fall2017\Niteeshkanungo_Final-project...
2025-04-28 03:16:43,591 - __main__ - INFO - Attempting sparse clone of https://github.com/padalaV/Final-project.git into cloned_repos\fall2017\padalaV_Final-project...
2025-04-28 03:16:43,591 - __main__ - INFO - Attempting sparse clone of https://github.com/GKAaron/Final-project.git into cloned_repos\fall2017\GKAaron_Final-project...
2025-04-28 03:16:45,913 - __main__ - INFO - Successfully sparse cloned into cloned_repos\fall2017\Bharath-Ganesh_Final-project
2025-04-28 03:16:45,914 - __main__ - INFO - Attempting sparse clone of https://github.com/nanda94/Final-project.git into cloned_repos\fall2017\nanda94_Final-project...
2025-04-28 03:16:45,953 - __main__ - INFO - Successfully sparse cloned into cloned_repos\fall2017\padalaV_Final-project
2025-04-28 03:16:45,954 - __main__ - INFO - Attempting sparse clone of https://github.com/shrutisankolli/Final-project.git into cloned_repos\fall2017\shrutisankolli_Final-project...
2025-04-28 03:16:45,958 - __main__ - INFO - Successfully sparse cloned into cloned_repos\fall2017\GKAaron_Final-project
2025-04-28 03:16:45,958 - __main__ - INFO - Attempting sparse clone of https://github.com/NNallapu/Final-project.git into cloned_repos\fall2017\NNallapu_Final-project...
2025-04-28 03:16:45,972 - __main__ - INFO - Successfully sparse cloned into cloned_repos\fall2017\VeraVasileva_Final-project
2025-04-28 03:16:45,972 - __main__ - INFO - Attempting sparse clone of https://github.com/lijiawei0418/Final-project.git into cloned_repos\fall2017\lijiawei0418_Final-project...
2025-04-28 03:16:46,314 - __main__ - INFO - Successfully sparse cloned into cloned_repos\fall2017\hp9430_Cryptocurrency-Analysis-and-Monte-Carlo-Simulation
2025-04-28 03:16:46,315 - __main__ - INFO - Attempting sparse clone of https://github.com/uuvkk/Prediction-of-Probability-for-Products-Making.git into cloned_repos\fall2017\uuvkk_Prediction-of-Probability-for-Products-Making...
2025-04-28 03:16:46,325 - __main__ - INFO - Successfully sparse cloned into cloned_repos\fall2017\Niteeshkanungo_Final-project
2025-04-28 03:16:46,326 - __main__ - INFO - Attempting sparse clone of https://github.com/JeanZijunCai/IS590-Final-project.git into cloned_repos\fall2017\JeanZijunCai_IS590-Final-project...
2025-04-28 03:16:47,090 - __main__ - INFO - Successfully sparse cloned into cloned_repos\fall2017\lijiawei0418_Final-project
2025-04-28 03:16:47,090 - __main__ - INFO - Successfully sparse cloned into cloned_repos\fall2017\NNallapu_Final-project
2025-04-28 03:16:47,091 - __main__ - INFO - Attempting sparse clone of https://github.com/jlwang233/IS590PR_MonteCarloSimulation_Project.git into cloned_repos\fall2017\jlwang233_IS590PR_MonteCarloSimulation_Project...
2025-04-28 03:16:47,091 - __main__ - INFO - Attempting sparse clone of https://github.com/yingjun2/Final-project.git into cloned_repos\fall2017\yingjun2_Final-project...
2025-04-28 03:16:47,155 - __main__ - INFO - Successfully sparse cloned into cloned_repos\fall2017\shrutisankolli_Final-project
2025-04-28 03:16:47,156 - __main__ - INFO - Attempting sparse clone of https://github.com/jingdu615/Final-project.git into cloned_repos\fall2017\jingdu615_Final-project...
2025-04-28 03:16:47,236 - __main__ - INFO - Successfully sparse cloned into cloned_repos\fall2017\nanda94_Final-project
2025-04-28 03:16:47,236 - __main__ - INFO - Attempting sparse clone of https://github.com/LiriFang/Final-project.git into cloned_repos\fall2017\LiriFang_Final-project...
2025-04-28 03:16:47,283 - __main__ - INFO - Successfully sparse cloned into cloned_repos\fall2017\uuvkk_Prediction-of-Probability-for-Products-Making
2025-04-28 03:16:47,284 - __main__ - INFO - Attempting sparse clone of https://github.com/kcwells2/Final-project.git into cloned_repos\fall2017\kcwells2_Final-project...
2025-04-28 03:16:47,484 - __main__ - INFO - Successfully sparse cloned into cloned_repos\fall2017\JeanZijunCai_IS590-Final-project
2025-04-28 03:16:47,485 - __main__ - INFO - Attempting sparse clone of https://github.com/TeemosCode/Final-project.git into cloned_repos\fall2017\TeemosCode_Final-project...
2025-04-28 03:16:48,205 - __main__ - INFO - Successfully sparse cloned into cloned_repos\fall2017\jlwang233_IS590PR_MonteCarloSimulation_Project
2025-04-28 03:16:48,206 - __main__ - INFO - Attempting sparse clone of https://github.com/HDShaw/Final-project.git into cloned_repos\fall2017\HDShaw_Final-project...
2025-04-28 03:16:48,246 - __main__ - INFO - Successfully sparse cloned into cloned_repos\fall2017\jingdu615_Final-project
2025-04-28 03:16:48,247 - __main__ - INFO - Attempting sparse clone of https://github.com/shivankmishra/Final-project.git into cloned_repos\fall2017\shivankmishra_Final-project...
2025-04-28 03:16:48,368 - __main__ - INFO - Successfully sparse cloned into cloned_repos\fall2017\kcwells2_Final-project
2025-04-28 03:16:48,370 - __main__ - INFO - Attempting sparse clone of https://github.com/Xinhe-Peng/Table-Reservation-System.git into cloned_repos\fall2017\Xinhe-Peng_Table-Reservation-System...
2025-04-28 03:16:48,471 - __main__ - INFO - Successfully sparse cloned into cloned_repos\fall2017\LiriFang_Final-project
2025-04-28 03:16:48,473 - __main__ - INFO - Attempting sparse clone of https://github.com/SitiZhang/Final-project.git into cloned_repos\fall2017\SitiZhang_Final-project...
2025-04-28 03:16:48,489 - __main__ - INFO - Successfully sparse cloned into cloned_repos\fall2017\yingjun2_Final-project
2025-04-28 03:16:48,490 - __main__ - INFO - Attempting sparse clone of https://github.com/shy950521/Final-project.git into cloned_repos\fall2017\shy950521_Final-project...
2025-04-28 03:16:48,654 - __main__ - INFO - Successfully sparse cloned into cloned_repos\fall2017\TeemosCode_Final-project
2025-04-28 03:16:48,655 - __main__ - INFO - Attempting sparse clone of https://github.com/tingzhan19921001/Final-project.git into cloned_repos\fall2017\tingzhan19921001_Final-project...
2025-04-28 03:16:49,271 - __main__ - INFO - Successfully sparse cloned into cloned_repos\fall2017\HDShaw_Final-project
2025-04-28 03:16:49,272 - __main__ - INFO - Attempting sparse clone of https://github.com/Xingxing1018/Final-project.git into cloned_repos\fall2017\Xingxing1018_Final-project...
2025-04-28 03:16:49,372 - __main__ - INFO - Successfully sparse cloned into cloned_repos\fall2017\shivankmishra_Final-project
2025-04-28 03:16:49,372 - __main__ - INFO - Attempting sparse clone of https://github.com/Wenjun2/Final-project-1.git into cloned_repos\fall2017\Wenjun2_Final-project-1...
2025-04-28 03:16:49,540 - __main__ - INFO - Successfully sparse cloned into cloned_repos\fall2017\Xinhe-Peng_Table-Reservation-System
2025-04-28 03:16:49,542 - __main__ - INFO - Attempting sparse clone of https://github.com/jiajunc/Final-project.git into cloned_repos\fall2017\jiajunc_Final-project...
2025-04-28 03:16:49,650 - __main__ - INFO - Successfully sparse cloned into cloned_repos\fall2017\shy950521_Final-project
2025-04-28 03:16:49,651 - __main__ - INFO - Attempting sparse clone of https://github.com/nateve/Final-project.git into cloned_repos\fall2017\nateve_Final-project...
2025-04-28 03:16:49,697 - __main__ - INFO - Successfully sparse cloned into cloned_repos\fall2017\tingzhan19921001_Final-project
2025-04-28 03:16:49,698 - __main__ - INFO - Attempting sparse clone of https://github.com/NIKEmissa/Final-project.git into cloned_repos\fall2017\NIKEmissa_Final-project...
2025-04-28 03:16:49,733 - __main__ - INFO - Successfully sparse cloned into cloned_repos\fall2017\SitiZhang_Final-project
2025-04-28 03:16:49,734 - __main__ - INFO - Attempting sparse clone of https://github.com/vasu26/Final-project.git into cloned_repos\fall2017\vasu26_Final-project...
2025-04-28 03:16:50,238 - __main__ - INFO - Successfully sparse cloned into cloned_repos\fall2017\Xingxing1018_Final-project
2025-04-28 03:16:50,239 - __main__ - INFO - Attempting sparse clone of https://github.com/nihalij2/Final-project.git into cloned_repos\fall2017\nihalij2_Final-project...
2025-04-28 03:16:50,426 - __main__ - INFO - Successfully sparse cloned into cloned_repos\fall2017\Wenjun2_Final-project-1
2025-04-28 03:16:50,426 - __main__ - INFO - Attempting sparse clone of https://github.com/AmarisS/Final-project.git into cloned_repos\fall2017\AmarisS_Final-project...
2025-04-28 03:16:50,614 - __main__ - INFO - Successfully sparse cloned into cloned_repos\fall2017\jiajunc_Final-project
2025-04-28 03:16:50,616 - __main__ - INFO - Attempting sparse clone of https://github.com/CarolGo/Final-project.git into cloned_repos\fall2017\CarolGo_Final-project...
2025-04-28 03:16:50,859 - __main__ - INFO - Successfully sparse cloned into cloned_repos\fall2017\nateve_Final-project
2025-04-28 03:16:50,860 - __main__ - INFO - Attempting sparse clone of https://github.com/nikolausn/Final-project.git into cloned_repos\fall2017\nikolausn_Final-project...
2025-04-28 03:16:50,874 - __main__ - INFO - Successfully sparse cloned into cloned_repos\fall2017\NIKEmissa_Final-project
2025-04-28 03:16:50,875 - __main__ - INFO - Attempting sparse clone of https://github.com/isuyash14/Final_Project.git into cloned_repos\spring2018\isuyash14_Final_Project...
2025-04-28 03:16:51,191 - __main__ - INFO - Successfully sparse cloned into cloned_repos\fall2017\vasu26_Final-project
2025-04-28 03:16:51,191 - __main__ - INFO - Attempting sparse clone of https://github.com/aditia3/Final_Project.git into cloned_repos\spring2018\aditia3_Final_Project...
2025-04-28 03:16:51,225 - __main__ - INFO - Successfully sparse cloned into cloned_repos\fall2017\nihalij2_Final-project
2025-04-28 03:16:51,226 - __main__ - INFO - Attempting sparse clone of https://github.com/AayushiVora/Final_Project.git into cloned_repos\spring2018\AayushiVora_Final_Project...
2025-04-28 03:16:51,598 - __main__ - INFO - Successfully sparse cloned into cloned_repos\fall2017\AmarisS_Final-project
2025-04-28 03:16:51,599 - __main__ - INFO - Attempting sparse clone of https://github.com/HanLiwillhaveOffer/Final_Project.git into cloned_repos\spring2018\HanLiwillhaveOffer_Final_Project...
2025-04-28 03:16:51,673 - __main__ - INFO - Successfully sparse cloned into cloned_repos\fall2017\CarolGo_Final-project
2025-04-28 03:16:51,674 - __main__ - INFO - Attempting sparse clone of https://github.com/harsha491/Final_Project.git into cloned_repos\spring2018\harsha491_Final_Project...
2025-04-28 03:16:52,001 - __main__ - INFO - Successfully sparse cloned into cloned_repos\spring2018\isuyash14_Final_Project
2025-04-28 03:16:52,001 - __main__ - INFO - Attempting sparse clone of https://github.com/YanyuWang/Final_Project.git into cloned_repos\spring2018\YanyuWang_Final_Project...
2025-04-28 03:16:52,438 - __main__ - INFO - Successfully sparse cloned into cloned_repos\fall2017\nikolausn_Final-project
2025-04-28 03:16:52,439 - __main__ - INFO - Attempting sparse clone of https://github.com/yahanz/Final_Project.git into cloned_repos\spring2018\yahanz_Final_Project...
2025-04-28 03:16:52,534 - __main__ - INFO - Successfully sparse cloned into cloned_repos\spring2018\aditia3_Final_Project
2025-04-28 03:16:52,535 - __main__ - INFO - Attempting sparse clone of https://github.com/lemonround1995/Final_Project.git into cloned_repos\spring2018\lemonround1995_Final_Project...
2025-04-28 03:16:52,579 - __main__ - INFO - Successfully sparse cloned into cloned_repos\spring2018\AayushiVora_Final_Project
2025-04-28 03:16:52,580 - __main__ - INFO - Attempting sparse clone of https://github.com/yixin5/Final_Project.git into cloned_repos\spring2018\yixin5_Final_Project...
2025-04-28 03:16:52,628 - __main__ - INFO - Successfully sparse cloned into cloned_repos\spring2018\HanLiwillhaveOffer_Final_Project
2025-04-28 03:16:52,629 - __main__ - INFO - Attempting sparse clone of https://github.com/YZ-UIUC/Final_Project.git into cloned_repos\spring2018\YZ-UIUC_Final_Project...
2025-04-28 03:16:52,943 - __main__ - INFO - Successfully sparse cloned into cloned_repos\spring2018\harsha491_Final_Project
2025-04-28 03:16:52,944 - __main__ - INFO - Attempting sparse clone of https://github.com/yujiawang4/Final_Project.git into cloned_repos\spring2018\yujiawang4_Final_Project...
2025-04-28 03:16:53,052 - __main__ - INFO - Successfully sparse cloned into cloned_repos\spring2018\YanyuWang_Final_Project
2025-04-28 03:16:53,053 - __main__ - INFO - Attempting sparse clone of https://github.com/hyestt/Final_Project.git into cloned_repos\spring2018\hyestt_Final_Project...
2025-04-28 03:16:53,548 - __main__ - INFO - Successfully sparse cloned into cloned_repos\spring2018\yahanz_Final_Project
2025-04-28 03:16:53,548 - __main__ - INFO - Attempting sparse clone of https://github.com/rosafsw/Final_Project.git into cloned_repos\spring2018\rosafsw_Final_Project...
2025-04-28 03:16:53,765 - __main__ - INFO - Successfully sparse cloned into cloned_repos\spring2018\lemonround1995_Final_Project
2025-04-28 03:16:53,766 - __main__ - INFO - Attempting sparse clone of https://github.com/aarushi50/BINGO-A-Monte-Carlo-Application.git into cloned_repos\spring2018\aarushi50_BINGO-A-Monte-Carlo-Application...
2025-04-28 03:16:53,992 - __main__ - INFO - Successfully sparse cloned into cloned_repos\spring2018\hyestt_Final_Project
2025-04-28 03:16:53,993 - __main__ - INFO - Attempting sparse clone of https://github.com/ChaohanShang/Final_Project.git into cloned_repos\spring2018\ChaohanShang_Final_Project...
2025-04-28 03:16:54,006 - __main__ - INFO - Successfully sparse cloned into cloned_repos\spring2018\yixin5_Final_Project
2025-04-28 03:16:54,007 - __main__ - INFO - Attempting sparse clone of https://github.com/hiralrayani/World-Cup-Simulator.git into cloned_repos\spring2018\hiralrayani_World-Cup-Simulator...
2025-04-28 03:16:54,036 - __main__ - INFO - Successfully sparse cloned into cloned_repos\spring2018\YZ-UIUC_Final_Project
2025-04-28 03:16:54,037 - __main__ - INFO - Attempting sparse clone of https://github.com/anmolgandhi/Final_Project.git into cloned_repos\spring2018\anmolgandhi_Final_Project...
2025-04-28 03:16:54,042 - __main__ - INFO - Successfully sparse cloned into cloned_repos\spring2018\yujiawang4_Final_Project
2025-04-28 03:16:54,042 - __main__ - INFO - Attempting sparse clone of https://github.com/daisiran/Final_Project.git into cloned_repos\spring2018\daisiran_Final_Project...
2025-04-28 03:16:54,712 - __main__ - INFO - Successfully sparse cloned into cloned_repos\spring2018\rosafsw_Final_Project
2025-04-28 03:16:54,713 - __main__ - INFO - Attempting sparse clone of https://github.com/sayaaoi/Nitrogen-Ice-cream-Shop-Monte_Carlo_Simulation.git into cloned_repos\spring2018\sayaaoi_Nitrogen-Ice-cream-Shop-Monte_Carlo_Simulation...
2025-04-28 03:16:55,124 - __main__ - INFO - Successfully sparse cloned into cloned_repos\spring2018\ChaohanShang_Final_Project
2025-04-28 03:16:55,124 - __main__ - INFO - Attempting sparse clone of https://github.com/shuyanl3/Final_Project.git into cloned_repos\spring2018\shuyanl3_Final_Project...
2025-04-28 03:16:55,148 - __main__ - INFO - Successfully sparse cloned into cloned_repos\spring2018\aarushi50_BINGO-A-Monte-Carlo-Application
2025-04-28 03:16:55,149 - __main__ - INFO - Attempting sparse clone of https://github.com/95chenjz/Monte-Carlo-Simulation-for-Pack-opening-Strategies.git into cloned_repos\spring2018\95chenjz_Monte-Carlo-Simulation-for-Pack-opening-Strategies...
2025-04-28 03:16:55,198 - __main__ - INFO - Successfully sparse cloned into cloned_repos\spring2018\daisiran_Final_Project
2025-04-28 03:16:55,199 - __main__ - INFO - Attempting sparse clone of https://github.com/iSchool-590PR-2018-Summer/Final_Project_VladislavEkimtcov.git into cloned_repos\summer2018\iSchool-590PR-2018-Summer_Final_Project_VladislavEkimtcov...
2025-04-28 03:16:55,315 - __main__ - INFO - Successfully sparse cloned into cloned_repos\spring2018\hiralrayani_World-Cup-Simulator
2025-04-28 03:16:55,316 - __main__ - INFO - Attempting sparse clone of https://github.com/iSchool-590PR-2018-Summer/Final_Project_slieu2.git into cloned_repos\summer2018\iSchool-590PR-2018-Summer_Final_Project_slieu2...
2025-04-28 03:16:56,368 - __main__ - INFO - Successfully sparse cloned into cloned_repos\spring2018\shuyanl3_Final_Project
2025-04-28 03:16:56,369 - __main__ - INFO - Attempting sparse clone of https://github.com/iSchool-590PR-2018-Summer/Final_Project_QiuyanGuo.git into cloned_repos\summer2018\iSchool-590PR-2018-Summer_Final_Project_QiuyanGuo...
2025-04-28 03:16:56,433 - __main__ - INFO - Successfully sparse cloned into cloned_repos\summer2018\iSchool-590PR-2018-Summer_Final_Project_VladislavEkimtcov
2025-04-28 03:16:56,434 - __main__ - INFO - Attempting sparse clone of https://github.com/iSchool-590PR-2018-Summer/Final_Project_nmwolf.git into cloned_repos\summer2018\iSchool-590PR-2018-Summer_Final_Project_nmwolf...
2025-04-28 03:16:56,475 - __main__ - INFO - Successfully sparse cloned into cloned_repos\summer2018\iSchool-590PR-2018-Summer_Final_Project_slieu2
2025-04-28 03:16:56,475 - __main__ - INFO - Attempting sparse clone of https://github.com/iSchool-590PR-2018-Summer/Final_Project_joshfactorial.git into cloned_repos\summer2018\iSchool-590PR-2018-Summer_Final_Project_joshfactorial...
2025-04-28 03:16:56,516 - __main__ - INFO - Successfully sparse cloned into cloned_repos\spring2018\anmolgandhi_Final_Project
2025-04-28 03:16:56,517 - __main__ - INFO - Attempting sparse clone of https://github.com/iSchool-590PR-2018-Summer/Final_Project_F1Mider.git into cloned_repos\summer2018\iSchool-590PR-2018-Summer_Final_Project_F1Mider...
2025-04-28 03:16:56,715 - __main__ - INFO - Successfully sparse cloned into cloned_repos\spring2018\95chenjz_Monte-Carlo-Simulation-for-Pack-opening-Strategies
2025-04-28 03:16:56,716 - __main__ - INFO - Attempting sparse clone of https://github.com/iSchool-590PR-2018-Summer/Final_Project_ewijohnson.git into cloned_repos\summer2018\iSchool-590PR-2018-Summer_Final_Project_ewijohnson...
2025-04-28 03:16:57,117 - __main__ - INFO - Successfully sparse cloned into cloned_repos\spring2018\sayaaoi_Nitrogen-Ice-cream-Shop-Monte_Carlo_Simulation
2025-04-28 03:16:57,118 - __main__ - INFO - Attempting sparse clone of https://github.com/iSchool-590PR-2018-Summer/Final_Project_apjanco.git into cloned_repos\summer2018\iSchool-590PR-2018-Summer_Final_Project_apjanco...
2025-04-28 03:16:57,644 - __main__ - INFO - Successfully sparse cloned into cloned_repos\summer2018\iSchool-590PR-2018-Summer_Final_Project_QiuyanGuo
2025-04-28 03:16:57,644 - __main__ - INFO - Attempting sparse clone of https://github.com/iSchool-590PR-2018-Summer/Final_Project_ajcav.git into cloned_repos\summer2018\iSchool-590PR-2018-Summer_Final_Project_ajcav...
2025-04-28 03:16:57,752 - __main__ - INFO - Successfully sparse cloned into cloned_repos\summer2018\iSchool-590PR-2018-Summer_Final_Project_joshfactorial
2025-04-28 03:16:57,753 - __main__ - INFO - Successfully sparse cloned into cloned_repos\summer2018\iSchool-590PR-2018-Summer_Final_Project_F1Mider
2025-04-28 03:16:57,804 - __main__ - INFO - Successfully sparse cloned into cloned_repos\summer2018\iSchool-590PR-2018-Summer_Final_Project_nmwolf
2025-04-28 03:16:57,940 - __main__ - INFO - Successfully sparse cloned into cloned_repos\summer2018\iSchool-590PR-2018-Summer_Final_Project_apjanco
2025-04-28 03:16:58,206 - __main__ - INFO - Successfully sparse cloned into cloned_repos\summer2018\iSchool-590PR-2018-Summer_Final_Project_ewijohnson
2025-04-28 03:16:58,504 - __main__ - INFO - Successfully sparse cloned into cloned_repos\summer2018\iSchool-590PR-2018-Summer_Final_Project_ajcav
2025-04-28 03:16:58,505 - __main__ - INFO - Cloning completed. Total projects: 64
2025-04-28 04:13:35,235 - project_utils.starter_class - INFO - Loading configuration from D:\UIUC_Academics\Sem-2\PR\Final_Project\config.yaml
2025-04-28 13:04:15,357 - project_utils.starter_class - INFO - Loading configuration from D:\UIUC_Academics\Sem-2\PR\Final_Project\config.yaml
2025-04-28 13:12:08,475 - project_utils.starter_class - INFO - Loading configuration from D:\UIUC_Academics\Sem-2\PR\Final_Project\config.yaml
2025-04-28 13:12:08,728 - __main__ - INFO - Applied schema from D:\UIUC_Academics\Sem-2\PR\Final_Project\project_utils\postgres_schema\projects_table.sql
2025-04-28 13:14:39,145 - project_utils.starter_class - INFO - Loading configuration from D:\UIUC_Academics\Sem-2\PR\Final_Project\config.yaml
2025-04-28 13:18:27,755 - project_utils.starter_class - INFO - Loading configuration from D:\UIUC_Academics\Sem-2\PR\Final_Project\config.yaml
2025-04-28 13:18:28,146 - __main__ - INFO - Applied schema from D:\UIUC_Academics\Sem-2\PR\Final_Project\project_utils\postgres_schema\projects_table.sql
2025-04-28 13:21:48,853 - project_utils.starter_class - INFO - Loading configuration from D:\UIUC_Academics\Sem-2\PR\Final_Project\config.yaml
2025-04-28 13:21:49,127 - __main__ - INFO - Applied schema from D:\UIUC_Academics\Sem-2\PR\Final_Project\project_utils\postgres_schema\projects_table.sql
2025-04-28 13:21:49,129 - __main__ - INFO - Loaded 64 enriched projects from ../data/project_data.json
2025-04-28 13:21:49,170 - __main__ - INFO - Inserted 64 projects into fresh table.
2025-04-28 13:43:04,635 - project_utils.starter_class - INFO - Loading configuration from D:\UIUC_Academics\Sem-2\PR\Final_Project\config.yaml
2025-04-28 13:43:15,291 - project_utils.starter_class - INFO - Loading configuration from D:\UIUC_Academics\Sem-2\PR\Final_Project\config.yaml
2025-04-28 13:43:15,630 - __main__ - INFO - Applied schema from D:\UIUC_Academics\Sem-2\PR\Final_Project\project_utils\postgres_schema\projects_table.sql
2025-04-28 13:43:17,410 - __main__ - INFO - Inserted batch of 64 projects
2025-04-28 13:43:17,412 - __main__ - INFO - All projects inserted in batches.
2025-04-28 13:45:58,472 - project_utils.starter_class - INFO - Loading configuration from D:\UIUC_Academics\Sem-2\PR\Final_Project\config.yaml
2025-04-28 13:45:58,845 - __main__ - INFO - Applied schema from D:\UIUC_Academics\Sem-2\PR\Final_Project\project_utils\postgres_schema\projects_table.sql
2025-04-28 13:45:59,720 - __main__ - INFO - Inserted batch of 64 projects
2025-04-28 13:45:59,722 - __main__ - INFO - Completed streaming insert: 0 batches, 0 total projects
2025-04-28 13:45:59,722 - __main__ - INFO - All projects inserted in batches.
2025-04-28 13:47:09,525 - project_utils.starter_class - INFO - Loading configuration from D:\UIUC_Academics\Sem-2\PR\Final_Project\config.yaml
2025-04-28 13:47:09,535 - __main__ - INFO - Starting GitHubCloner with sparse paths: ['README.md', '*.py', '**/*.py', '*.ipynb', '**/*.ipynb']
2025-04-28 13:48:16,724 - project_utils.starter_class - INFO - Loading configuration from D:\UIUC_Academics\Sem-2\PR\Final_Project\config.yaml
2025-04-28 13:48:16,733 - __main__ - INFO - Starting GitHubCloner with sparse paths: ['README.md', '*.py', '**/*.py', '*.ipynb', '**/*.ipynb']
2025-04-28 13:48:57,282 - project_utils.starter_class - INFO - Loading configuration from D:\UIUC_Academics\Sem-2\PR\Final_Project\config.yaml
2025-04-28 13:48:57,292 - __main__ - INFO - Starting GitHubCloner with sparse paths: ['README.md', '*.py', '**/*.py', '*.ipynb', '**/*.ipynb']
2025-04-28 13:48:57,318 - __main__ - INFO - Fetching forks (page 1) from iSchool-590PR-2017Fall/Final-project (Fall 2017)...
2025-04-28 13:49:05,072 - __main__ - INFO - Fetching forks (page 2) from iSchool-590PR-2017Fall/Final-project (Fall 2017)...
2025-04-28 13:49:05,186 - __main__ - INFO - Fetching forks (page 1) from iSchool-590PR-2018Spring/Final_Project (Spring 2018)...
2025-04-28 13:49:10,125 - __main__ - INFO - Fetching forks (page 2) from iSchool-590PR-2018Spring/Final_Project (Spring 2018)...
2025-04-28 13:49:10,226 - __main__ - INFO - Fetching forks (page 1) from iSchool-590PR-2018-Summer/Final_Project (Summer 2018)...
2025-04-28 13:49:12,796 - __main__ - INFO - Fetching forks (page 2) from iSchool-590PR-2018-Summer/Final_Project (Summer 2018)...
2025-04-28 13:49:12,901 - __main__ - INFO - Already cloned: cloned_repos\fall2017\Bharath-Ganesh_Final-project
2025-04-28 13:49:12,902 - __main__ - INFO - Already cloned: cloned_repos\fall2017\VeraVasileva_Final-project
2025-04-28 13:49:12,904 - __main__ - INFO - Already cloned: cloned_repos\fall2017\Niteeshkanungo_Final-project
2025-04-28 13:49:12,904 - __main__ - INFO - Already cloned: cloned_repos\fall2017\padalaV_Final-project
2025-04-28 13:49:12,904 - __main__ - INFO - Already cloned: cloned_repos\fall2017\hp9430_Cryptocurrency-Analysis-and-Monte-Carlo-Simulation
2025-04-28 13:49:12,904 - __main__ - INFO - Already cloned: cloned_repos\fall2017\GKAaron_Final-project
2025-04-28 13:49:12,904 - __main__ - INFO - Already cloned: cloned_repos\fall2017\nanda94_Final-project
2025-04-28 13:49:12,905 - __main__ - INFO - Already cloned: cloned_repos\fall2017\NNallapu_Final-project
2025-04-28 13:49:12,905 - __main__ - INFO - Already cloned: cloned_repos\fall2017\shrutisankolli_Final-project
2025-04-28 13:49:12,905 - __main__ - INFO - Already cloned: cloned_repos\fall2017\uuvkk_Prediction-of-Probability-for-Products-Making
2025-04-28 13:49:12,908 - __main__ - INFO - Already cloned: cloned_repos\fall2017\lijiawei0418_Final-project
2025-04-28 13:49:12,908 - __main__ - INFO - Already cloned: cloned_repos\fall2017\JeanZijunCai_IS590-Final-project
2025-04-28 13:49:12,908 - __main__ - INFO - Already cloned: cloned_repos\fall2017\jlwang233_IS590PR_MonteCarloSimulation_Project
2025-04-28 13:49:12,908 - __main__ - INFO - Already cloned: cloned_repos\fall2017\yingjun2_Final-project
2025-04-28 13:49:12,908 - __main__ - INFO - Already cloned: cloned_repos\fall2017\LiriFang_Final-project
2025-04-28 13:49:12,909 - __main__ - INFO - Already cloned: cloned_repos\fall2017\jingdu615_Final-project
2025-04-28 13:49:12,909 - __main__ - INFO - Already cloned: cloned_repos\fall2017\TeemosCode_Final-project
2025-04-28 13:49:12,909 - __main__ - INFO - Already cloned: cloned_repos\fall2017\kcwells2_Final-project
2025-04-28 13:49:12,909 - __main__ - INFO - Already cloned: cloned_repos\fall2017\HDShaw_Final-project
2025-04-28 13:49:12,911 - __main__ - INFO - Already cloned: cloned_repos\fall2017\Xinhe-Peng_Table-Reservation-System
2025-04-28 13:49:12,911 - __main__ - INFO - Already cloned: cloned_repos\fall2017\shivankmishra_Final-project
2025-04-28 13:49:12,911 - __main__ - INFO - Already cloned: cloned_repos\fall2017\SitiZhang_Final-project
2025-04-28 13:49:12,912 - __main__ - INFO - Already cloned: cloned_repos\fall2017\shy950521_Final-project
2025-04-28 13:49:12,912 - __main__ - INFO - Already cloned: cloned_repos\fall2017\tingzhan19921001_Final-project
2025-04-28 13:49:12,912 - __main__ - INFO - Already cloned: cloned_repos\fall2017\Xingxing1018_Final-project
2025-04-28 13:49:12,912 - __main__ - INFO - Already cloned: cloned_repos\fall2017\Wenjun2_Final-project-1
2025-04-28 13:49:12,912 - __main__ - INFO - Already cloned: cloned_repos\fall2017\jiajunc_Final-project
2025-04-28 13:49:12,912 - __main__ - INFO - Already cloned: cloned_repos\fall2017\nateve_Final-project
2025-04-28 13:49:12,912 - __main__ - INFO - Already cloned: cloned_repos\fall2017\NIKEmissa_Final-project
2025-04-28 13:49:12,913 - __main__ - INFO - Already cloned: cloned_repos\fall2017\vasu26_Final-project
2025-04-28 13:49:12,913 - __main__ - INFO - Already cloned: cloned_repos\fall2017\nihalij2_Final-project
2025-04-28 13:49:12,913 - __main__ - INFO - Already cloned: cloned_repos\fall2017\AmarisS_Final-project
2025-04-28 13:49:12,913 - __main__ - INFO - Already cloned: cloned_repos\fall2017\CarolGo_Final-project
2025-04-28 13:49:12,913 - __main__ - INFO - Already cloned: cloned_repos\fall2017\nikolausn_Final-project
2025-04-28 13:49:12,913 - __main__ - INFO - Already cloned: cloned_repos\spring2018\isuyash14_Final_Project
2025-04-28 13:49:12,913 - __main__ - INFO - Already cloned: cloned_repos\spring2018\aditia3_Final_Project
2025-04-28 13:49:12,914 - __main__ - INFO - Already cloned: cloned_repos\spring2018\AayushiVora_Final_Project
2025-04-28 13:49:12,914 - __main__ - INFO - Already cloned: cloned_repos\spring2018\HanLiwillhaveOffer_Final_Project
2025-04-28 13:49:12,914 - __main__ - INFO - Already cloned: cloned_repos\spring2018\harsha491_Final_Project
2025-04-28 13:49:12,914 - __main__ - INFO - Already cloned: cloned_repos\spring2018\YanyuWang_Final_Project
2025-04-28 13:49:12,914 - __main__ - INFO - Already cloned: cloned_repos\spring2018\yahanz_Final_Project
2025-04-28 13:49:12,915 - __main__ - INFO - Already cloned: cloned_repos\spring2018\lemonround1995_Final_Project
2025-04-28 13:49:12,915 - __main__ - INFO - Already cloned: cloned_repos\spring2018\yixin5_Final_Project
2025-04-28 13:49:12,915 - __main__ - INFO - Already cloned: cloned_repos\spring2018\YZ-UIUC_Final_Project
2025-04-28 13:49:12,915 - __main__ - INFO - Already cloned: cloned_repos\spring2018\yujiawang4_Final_Project
2025-04-28 13:49:12,915 - __main__ - INFO - Already cloned: cloned_repos\spring2018\hyestt_Final_Project
2025-04-28 13:49:12,915 - __main__ - INFO - Already cloned: cloned_repos\spring2018\rosafsw_Final_Project
2025-04-28 13:49:12,915 - __main__ - INFO - Already cloned: cloned_repos\spring2018\aarushi50_BINGO-A-Monte-Carlo-Application
2025-04-28 13:49:12,915 - __main__ - INFO - Already cloned: cloned_repos\spring2018\ChaohanShang_Final_Project
2025-04-28 13:49:12,916 - __main__ - INFO - Already cloned: cloned_repos\spring2018\hiralrayani_World-Cup-Simulator
2025-04-28 13:49:12,916 - __main__ - INFO - Already cloned: cloned_repos\spring2018\anmolgandhi_Final_Project
2025-04-28 13:49:12,916 - __main__ - INFO - Already cloned: cloned_repos\spring2018\daisiran_Final_Project
2025-04-28 13:49:12,916 - __main__ - INFO - Already cloned: cloned_repos\spring2018\sayaaoi_Nitrogen-Ice-cream-Shop-Monte_Carlo_Simulation
2025-04-28 13:49:12,916 - __main__ - INFO - Already cloned: cloned_repos\spring2018\shuyanl3_Final_Project
2025-04-28 13:49:12,916 - __main__ - INFO - Already cloned: cloned_repos\spring2018\95chenjz_Monte-Carlo-Simulation-for-Pack-opening-Strategies
2025-04-28 13:49:12,916 - __main__ - INFO - Already cloned: cloned_repos\summer2018\iSchool-590PR-2018-Summer_Final_Project_VladislavEkimtcov
2025-04-28 13:49:12,916 - __main__ - INFO - Already cloned: cloned_repos\summer2018\iSchool-590PR-2018-Summer_Final_Project_slieu2
2025-04-28 13:49:12,917 - __main__ - INFO - Already cloned: cloned_repos\summer2018\iSchool-590PR-2018-Summer_Final_Project_QiuyanGuo
2025-04-28 13:49:12,917 - __main__ - INFO - Already cloned: cloned_repos\summer2018\iSchool-590PR-2018-Summer_Final_Project_nmwolf
2025-04-28 13:49:12,917 - __main__ - INFO - Already cloned: cloned_repos\summer2018\iSchool-590PR-2018-Summer_Final_Project_joshfactorial
2025-04-28 13:49:12,917 - __main__ - INFO - Already cloned: cloned_repos\summer2018\iSchool-590PR-2018-Summer_Final_Project_F1Mider
2025-04-28 13:49:12,917 - __main__ - INFO - Already cloned: cloned_repos\summer2018\iSchool-590PR-2018-Summer_Final_Project_ewijohnson
2025-04-28 13:49:12,917 - __main__ - INFO - Already cloned: cloned_repos\summer2018\iSchool-590PR-2018-Summer_Final_Project_apjanco
2025-04-28 13:49:12,917 - __main__ - INFO - Already cloned: cloned_repos\summer2018\iSchool-590PR-2018-Summer_Final_Project_ajcav
2025-04-28 13:49:12,920 - __main__ - INFO - Cloning completed. Total projects: 64
2025-04-28 13:49:21,063 - project_utils.starter_class - INFO - Loading configuration from D:\UIUC_Academics\Sem-2\PR\Final_Project\config.yaml
2025-04-28 13:49:21,423 - __main__ - INFO - Applied schema from D:\UIUC_Academics\Sem-2\PR\Final_Project\project_utils\postgres_schema\projects_table.sql
2025-04-28 13:49:21,430 - project_utils.readme_parser - WARNING - Failed parsing cloned_repos\fall2017\hp9430_Cryptocurrency-Analysis-and-Monte-Carlo-Simulation\Analysis_Crypto.ipynb: Notebook does not appear to be JSON: ''
2025-04-28 13:49:21,431 - project_utils.readme_parser - WARNING - Failed parsing cloned_repos\fall2017\hp9430_Cryptocurrency-Analysis-and-Monte-Carlo-Simulation\Monte_Carlo.ipynb: Notebook does not appear to be JSON: ''
2025-04-28 13:49:21,431 - project_utils.readme_parser - WARNING - Failed parsing cloned_repos\fall2017\Niteeshkanungo_Final-project\Analysis_Crypto.ipynb: Notebook does not appear to be JSON: ''
2025-04-28 13:49:21,431 - project_utils.readme_parser - WARNING - Failed parsing cloned_repos\fall2017\Niteeshkanungo_Final-project\Monte_Carlo.ipynb: Notebook does not appear to be JSON: ''
2025-04-28 13:49:21,432 - project_utils.readme_parser - WARNING - Failed parsing cloned_repos\fall2017\VeraVasileva_Final-project\MonteCarlo_E-books.ipynb: Notebook does not appear to be JSON: ''
2025-04-28 13:49:21,432 - project_utils.readme_parser - WARNING - Failed parsing cloned_repos\fall2017\padalaV_Final-project\Monte carlo.ipynb: Notebook does not appear to be JSON: ''
2025-04-28 13:49:21,434 - project_utils.readme_parser - WARNING - Failed parsing cloned_repos\fall2017\jlwang233_IS590PR_MonteCarloSimulation_Project\bin\Library_MCS- version 1.ipynb: Notebook does not appear to be JSON: ''
2025-04-28 13:49:21,435 - project_utils.readme_parser - WARNING - Failed parsing cloned_repos\fall2017\jlwang233_IS590PR_MonteCarloSimulation_Project\bin\Library_MCS- version 2.ipynb: Notebook does not appear to be JSON: ''
2025-04-28 13:49:21,435 - project_utils.readme_parser - WARNING - Failed parsing cloned_repos\fall2017\yingjun2_Final-project\pr_script_1206.ipynb: Notebook does not appear to be JSON: ''
2025-04-28 13:49:21,436 - project_utils.readme_parser - WARNING - Failed parsing cloned_repos\fall2017\yingjun2_Final-project\pr_script_1206_semi.ipynb: Notebook does not appear to be JSON: ''
2025-04-28 13:49:21,453 - project_utils.readme_parser - WARNING - Failed parsing cloned_repos\fall2017\LiriFang_Final-project\Parking Duration.ipynb: Notebook does not appear to be JSON: ''
2025-04-28 13:49:21,458 - project_utils.readme_parser - WARNING - Failed parsing cloned_repos\fall2017\LiriFang_Final-project\PERT.ipynb: Notebook does not appear to be JSON: ''
2025-04-28 13:49:21,461 - project_utils.readme_parser - WARNING - Failed parsing cloned_repos\fall2017\kcwells2_Final-project\World+Series.ipynb: Notebook does not appear to be JSON: ''
2025-04-28 13:49:21,462 - project_utils.readme_parser - WARNING - Failed parsing cloned_repos\fall2017\Xinhe-Peng_Table-Reservation-System\Test.ipynb: Notebook does not appear to be JSON: ''
2025-04-28 13:49:21,462 - project_utils.readme_parser - WARNING - Failed parsing cloned_repos\fall2017\Xinhe-Peng_Table-Reservation-System\process_code\Orders of table_for one restaurant.ipynb: Notebook does not appear to be JSON: ''
2025-04-28 13:49:21,463 - project_utils.readme_parser - WARNING - Failed parsing cloned_repos\fall2017\Xinhe-Peng_Table-Reservation-System\process_code\Server.ipynb: Notebook does not appear to be JSON: ''
2025-04-28 13:49:21,463 - project_utils.readme_parser - WARNING - Failed parsing cloned_repos\fall2017\Xinhe-Peng_Table-Reservation-System\process_code\Test for vip processing.ipynb: Notebook does not appear to be JSON: ''
2025-04-28 13:49:21,467 - project_utils.readme_parser - WARNING - Failed parsing cloned_repos\fall2017\nikolausn_Final-project\Analysis.ipynb: Notebook does not appear to be JSON: ''
2025-04-28 13:49:21,467 - project_utils.readme_parser - WARNING - Failed parsing cloned_repos\fall2017\nikolausn_Final-project\prototype\Analysis.ipynb: Notebook does not appear to be JSON: ''
2025-04-28 13:49:21,468 - project_utils.readme_parser - WARNING - Failed parsing cloned_repos\fall2017\nikolausn_Final-project\prototype\Prototype.ipynb: Notebook does not appear to be JSON: ''
2025-04-28 13:49:21,468 - project_utils.readme_parser - WARNING - Failed parsing cloned_repos\spring2018\isuyash14_Final_Project\Prob_Project_Completion.ipynb: Notebook does not appear to be JSON: ''
2025-04-28 13:49:21,477 - project_utils.readme_parser - WARNING - Failed parsing cloned_repos\spring2018\anmolgandhi_Final_Project\ cryptocurrency analysis.ipynb: Notebook does not appear to be JSON: ''
2025-04-28 13:49:21,478 - project_utils.readme_parser - WARNING - Failed parsing cloned_repos\spring2018\sayaaoi_Nitrogen-Ice-cream-Shop-Monte_Carlo_Simulation\Analysis of simulation.ipynb: Notebook does not appear to be JSON: ''
2025-04-28 13:49:21,482 - project_utils.readme_parser - WARNING - Failed parsing cloned_repos\summer2018\iSchool-590PR-2018-Summer_Final_Project_QiuyanGuo\Example_Plots.ipynb: Notebook does not appear to be JSON: ''
2025-04-28 13:49:21,542 - __main__ - INFO - Inserted batch of 64 projects
2025-04-28 13:49:21,544 - __main__ - INFO - Completed streaming insert: 0 batches, 0 total projects
2025-04-28 13:49:21,544 - __main__ - INFO - All projects inserted in batches.
2025-04-28 13:50:58,360 - project_utils.starter_class - INFO - Loading configuration from D:\UIUC_Academics\Sem-2\PR\Final_Project\config.yaml
2025-04-28 13:50:58,525 - __main__ - INFO - Applied schema from D:\UIUC_Academics\Sem-2\PR\Final_Project\project_utils\postgres_schema\projects_table.sql
2025-04-28 13:50:58,531 - project_utils.readme_parser - WARNING - Failed parsing cloned_repos\fall2017\hp9430_Cryptocurrency-Analysis-and-Monte-Carlo-Simulation\Analysis_Crypto.ipynb: Notebook does not appear to be JSON: ''
2025-04-28 13:50:58,531 - project_utils.readme_parser - WARNING - Failed parsing cloned_repos\fall2017\hp9430_Cryptocurrency-Analysis-and-Monte-Carlo-Simulation\Monte_Carlo.ipynb: Notebook does not appear to be JSON: ''
2025-04-28 13:50:58,531 - project_utils.readme_parser - WARNING - Failed parsing cloned_repos\fall2017\Niteeshkanungo_Final-project\Analysis_Crypto.ipynb: Notebook does not appear to be JSON: ''
2025-04-28 13:50:58,531 - project_utils.readme_parser - WARNING - Failed parsing cloned_repos\fall2017\Niteeshkanungo_Final-project\Monte_Carlo.ipynb: Notebook does not appear to be JSON: ''
2025-04-28 13:50:58,532 - project_utils.readme_parser - WARNING - Failed parsing cloned_repos\fall2017\VeraVasileva_Final-project\MonteCarlo_E-books.ipynb: Notebook does not appear to be JSON: ''
2025-04-28 13:50:58,532 - project_utils.readme_parser - WARNING - Failed parsing cloned_repos\fall2017\padalaV_Final-project\Monte carlo.ipynb: Notebook does not appear to be JSON: ''
2025-04-28 13:50:58,534 - project_utils.readme_parser - WARNING - Failed parsing cloned_repos\fall2017\jlwang233_IS590PR_MonteCarloSimulation_Project\bin\Library_MCS- version 1.ipynb: Notebook does not appear to be JSON: ''
2025-04-28 13:50:58,534 - project_utils.readme_parser - WARNING - Failed parsing cloned_repos\fall2017\jlwang233_IS590PR_MonteCarloSimulation_Project\bin\Library_MCS- version 2.ipynb: Notebook does not appear to be JSON: ''
2025-04-28 13:50:58,535 - project_utils.readme_parser - WARNING - Failed parsing cloned_repos\fall2017\yingjun2_Final-project\pr_script_1206.ipynb: Notebook does not appear to be JSON: ''
2025-04-28 13:50:58,535 - project_utils.readme_parser - WARNING - Failed parsing cloned_repos\fall2017\yingjun2_Final-project\pr_script_1206_semi.ipynb: Notebook does not appear to be JSON: ''
2025-04-28 13:50:58,552 - project_utils.readme_parser - WARNING - Failed parsing cloned_repos\fall2017\LiriFang_Final-project\Parking Duration.ipynb: Notebook does not appear to be JSON: ''
2025-04-28 13:50:58,557 - project_utils.readme_parser - WARNING - Failed parsing cloned_repos\fall2017\LiriFang_Final-project\PERT.ipynb: Notebook does not appear to be JSON: ''
2025-04-28 13:50:58,560 - project_utils.readme_parser - WARNING - Failed parsing cloned_repos\fall2017\kcwells2_Final-project\World+Series.ipynb: Notebook does not appear to be JSON: ''
2025-04-28 13:50:58,561 - project_utils.readme_parser - WARNING - Failed parsing cloned_repos\fall2017\Xinhe-Peng_Table-Reservation-System\Test.ipynb: Notebook does not appear to be JSON: ''
2025-04-28 13:50:58,561 - project_utils.readme_parser - WARNING - Failed parsing cloned_repos\fall2017\Xinhe-Peng_Table-Reservation-System\process_code\Orders of table_for one restaurant.ipynb: Notebook does not appear to be JSON: ''
2025-04-28 13:50:58,561 - project_utils.readme_parser - WARNING - Failed parsing cloned_repos\fall2017\Xinhe-Peng_Table-Reservation-System\process_code\Server.ipynb: Notebook does not appear to be JSON: ''
2025-04-28 13:50:58,561 - project_utils.readme_parser - WARNING - Failed parsing cloned_repos\fall2017\Xinhe-Peng_Table-Reservation-System\process_code\Test for vip processing.ipynb: Notebook does not appear to be JSON: ''
2025-04-28 13:50:58,566 - project_utils.readme_parser - WARNING - Failed parsing cloned_repos\fall2017\nikolausn_Final-project\Analysis.ipynb: Notebook does not appear to be JSON: ''
2025-04-28 13:50:58,567 - project_utils.readme_parser - WARNING - Failed parsing cloned_repos\fall2017\nikolausn_Final-project\prototype\Analysis.ipynb: Notebook does not appear to be JSON: ''
2025-04-28 13:50:58,567 - project_utils.readme_parser - WARNING - Failed parsing cloned_repos\fall2017\nikolausn_Final-project\prototype\Prototype.ipynb: Notebook does not appear to be JSON: ''
2025-04-28 13:50:58,568 - project_utils.readme_parser - WARNING - Failed parsing cloned_repos\spring2018\isuyash14_Final_Project\Prob_Project_Completion.ipynb: Notebook does not appear to be JSON: ''
2025-04-28 13:50:58,574 - project_utils.readme_parser - WARNING - Failed parsing cloned_repos\spring2018\anmolgandhi_Final_Project\ cryptocurrency analysis.ipynb: Notebook does not appear to be JSON: ''
2025-04-28 13:50:58,576 - project_utils.readme_parser - WARNING - Failed parsing cloned_repos\spring2018\sayaaoi_Nitrogen-Ice-cream-Shop-Monte_Carlo_Simulation\Analysis of simulation.ipynb: Notebook does not appear to be JSON: ''
2025-04-28 13:50:58,578 - project_utils.readme_parser - WARNING - Failed parsing cloned_repos\summer2018\iSchool-590PR-2018-Summer_Final_Project_QiuyanGuo\Example_Plots.ipynb: Notebook does not appear to be JSON: ''
2025-04-28 13:50:58,616 - __main__ - INFO - Inserted batch of 64 projects
2025-04-28 13:50:58,617 - __main__ - INFO - Completed streaming insert: 0 batches, 0 total projects
2025-04-28 13:50:58,617 - __main__ - INFO - All projects inserted in batches.
2025-04-28 13:52:55,250 - project_utils.starter_class - INFO - Loading configuration from D:\UIUC_Academics\Sem-2\PR\Final_Project\config.yaml
2025-04-28 13:52:55,525 - __main__ - INFO - Applied schema from D:\UIUC_Academics\Sem-2\PR\Final_Project\project_utils\postgres_schema\projects_table.sql
2025-04-28 13:52:55,530 - project_utils.readme_parser - WARNING - Failed parsing cloned_repos\fall2017\hp9430_Cryptocurrency-Analysis-and-Monte-Carlo-Simulation\Analysis_Crypto.ipynb: Notebook does not appear to be JSON: ''
2025-04-28 13:52:55,531 - project_utils.readme_parser - WARNING - Failed parsing cloned_repos\fall2017\hp9430_Cryptocurrency-Analysis-and-Monte-Carlo-Simulation\Monte_Carlo.ipynb: Notebook does not appear to be JSON: ''
2025-04-28 13:52:55,531 - project_utils.readme_parser - WARNING - Failed parsing cloned_repos\fall2017\Niteeshkanungo_Final-project\Analysis_Crypto.ipynb: Notebook does not appear to be JSON: ''
2025-04-28 13:52:55,531 - project_utils.readme_parser - WARNING - Failed parsing cloned_repos\fall2017\Niteeshkanungo_Final-project\Monte_Carlo.ipynb: Notebook does not appear to be JSON: ''
2025-04-28 13:52:55,532 - project_utils.readme_parser - WARNING - Failed parsing cloned_repos\fall2017\VeraVasileva_Final-project\MonteCarlo_E-books.ipynb: Notebook does not appear to be JSON: ''
2025-04-28 13:52:55,532 - project_utils.readme_parser - WARNING - Failed parsing cloned_repos\fall2017\padalaV_Final-project\Monte carlo.ipynb: Notebook does not appear to be JSON: ''
2025-04-28 13:52:55,533 - project_utils.readme_parser - WARNING - Failed parsing cloned_repos\fall2017\jlwang233_IS590PR_MonteCarloSimulation_Project\bin\Library_MCS- version 1.ipynb: Notebook does not appear to be JSON: ''
2025-04-28 13:52:55,534 - project_utils.readme_parser - WARNING - Failed parsing cloned_repos\fall2017\jlwang233_IS590PR_MonteCarloSimulation_Project\bin\Library_MCS- version 2.ipynb: Notebook does not appear to be JSON: ''
2025-04-28 13:52:55,534 - project_utils.readme_parser - WARNING - Failed parsing cloned_repos\fall2017\yingjun2_Final-project\pr_script_1206.ipynb: Notebook does not appear to be JSON: ''
2025-04-28 13:52:55,534 - project_utils.readme_parser - WARNING - Failed parsing cloned_repos\fall2017\yingjun2_Final-project\pr_script_1206_semi.ipynb: Notebook does not appear to be JSON: ''
2025-04-28 13:52:55,556 - project_utils.readme_parser - WARNING - Failed parsing cloned_repos\fall2017\LiriFang_Final-project\Parking Duration.ipynb: Notebook does not appear to be JSON: ''
2025-04-28 13:52:55,562 - project_utils.readme_parser - WARNING - Failed parsing cloned_repos\fall2017\LiriFang_Final-project\PERT.ipynb: Notebook does not appear to be JSON: ''
2025-04-28 13:52:55,566 - project_utils.readme_parser - WARNING - Failed parsing cloned_repos\fall2017\kcwells2_Final-project\World+Series.ipynb: Notebook does not appear to be JSON: ''
2025-04-28 13:52:55,567 - project_utils.readme_parser - WARNING - Failed parsing cloned_repos\fall2017\Xinhe-Peng_Table-Reservation-System\Test.ipynb: Notebook does not appear to be JSON: ''
2025-04-28 13:52:55,568 - project_utils.readme_parser - WARNING - Failed parsing cloned_repos\fall2017\Xinhe-Peng_Table-Reservation-System\process_code\Orders of table_for one restaurant.ipynb: Notebook does not appear to be JSON: ''
2025-04-28 13:52:55,568 - project_utils.readme_parser - WARNING - Failed parsing cloned_repos\fall2017\Xinhe-Peng_Table-Reservation-System\process_code\Server.ipynb: Notebook does not appear to be JSON: ''
2025-04-28 13:52:55,568 - project_utils.readme_parser - WARNING - Failed parsing cloned_repos\fall2017\Xinhe-Peng_Table-Reservation-System\process_code\Test for vip processing.ipynb: Notebook does not appear to be JSON: ''
2025-04-28 13:52:55,574 - project_utils.readme_parser - WARNING - Failed parsing cloned_repos\fall2017\nikolausn_Final-project\Analysis.ipynb: Notebook does not appear to be JSON: ''
2025-04-28 13:52:55,575 - project_utils.readme_parser - WARNING - Failed parsing cloned_repos\fall2017\nikolausn_Final-project\prototype\Analysis.ipynb: Notebook does not appear to be JSON: ''
2025-04-28 13:52:55,575 - project_utils.readme_parser - WARNING - Failed parsing cloned_repos\fall2017\nikolausn_Final-project\prototype\Prototype.ipynb: Notebook does not appear to be JSON: ''
2025-04-28 13:52:55,576 - project_utils.readme_parser - WARNING - Failed parsing cloned_repos\spring2018\isuyash14_Final_Project\Prob_Project_Completion.ipynb: Notebook does not appear to be JSON: ''
2025-04-28 13:52:55,583 - project_utils.readme_parser - WARNING - Failed parsing cloned_repos\spring2018\anmolgandhi_Final_Project\ cryptocurrency analysis.ipynb: Notebook does not appear to be JSON: ''
2025-04-28 13:52:55,585 - project_utils.readme_parser - WARNING - Failed parsing cloned_repos\spring2018\sayaaoi_Nitrogen-Ice-cream-Shop-Monte_Carlo_Simulation\Analysis of simulation.ipynb: Notebook does not appear to be JSON: ''
2025-04-28 13:52:55,587 - project_utils.readme_parser - WARNING - Failed parsing cloned_repos\summer2018\iSchool-590PR-2018-Summer_Final_Project_QiuyanGuo\Example_Plots.ipynb: Notebook does not appear to be JSON: ''
2025-04-28 13:52:55,631 - __main__ - INFO - Inserted batch of 64 projects
2025-04-28 13:52:55,632 - __main__ - INFO - Completed streaming insert: 0 batches, 0 total projects
2025-04-28 13:52:55,632 - __main__ - INFO - All projects inserted in batches.
2025-04-28 13:54:44,473 - project_utils.starter_class - INFO - Loading configuration from D:\UIUC_Academics\Sem-2\PR\Final_Project\config.yaml
2025-04-28 13:54:45,009 - __main__ - INFO - Applied schema from D:\UIUC_Academics\Sem-2\PR\Final_Project\project_utils\postgres_schema\projects_table.sql
2025-04-28 13:56:40,988 - project_utils.starter_class - INFO - Loading configuration from D:\UIUC_Academics\Sem-2\PR\Final_Project\config.yaml
2025-04-28 13:56:41,155 - __main__ - INFO - Applied schema from D:\UIUC_Academics\Sem-2\PR\Final_Project\project_utils\postgres_schema\projects_table.sql
2025-04-28 13:56:41,161 - project_utils.readme_parser - WARNING - Failed parsing cloned_repos\fall2017\hp9430_Cryptocurrency-Analysis-and-Monte-Carlo-Simulation\Analysis_Crypto.ipynb: Notebook does not appear to be JSON: ''
2025-04-28 13:56:41,161 - project_utils.readme_parser - WARNING - Failed parsing cloned_repos\fall2017\hp9430_Cryptocurrency-Analysis-and-Monte-Carlo-Simulation\Monte_Carlo.ipynb: Notebook does not appear to be JSON: ''
2025-04-28 13:56:41,161 - project_utils.readme_parser - WARNING - Failed parsing cloned_repos\fall2017\Niteeshkanungo_Final-project\Analysis_Crypto.ipynb: Notebook does not appear to be JSON: ''
2025-04-28 13:56:41,161 - project_utils.readme_parser - WARNING - Failed parsing cloned_repos\fall2017\Niteeshkanungo_Final-project\Monte_Carlo.ipynb: Notebook does not appear to be JSON: ''
2025-04-28 13:56:41,162 - project_utils.readme_parser - WARNING - Failed parsing cloned_repos\fall2017\VeraVasileva_Final-project\MonteCarlo_E-books.ipynb: Notebook does not appear to be JSON: ''
2025-04-28 13:56:41,162 - project_utils.readme_parser - WARNING - Failed parsing cloned_repos\fall2017\padalaV_Final-project\Monte carlo.ipynb: Notebook does not appear to be JSON: ''
2025-04-28 13:56:41,164 - project_utils.readme_parser - WARNING - Failed parsing cloned_repos\fall2017\jlwang233_IS590PR_MonteCarloSimulation_Project\bin\Library_MCS- version 1.ipynb: Notebook does not appear to be JSON: ''
2025-04-28 13:56:41,164 - project_utils.readme_parser - WARNING - Failed parsing cloned_repos\fall2017\jlwang233_IS590PR_MonteCarloSimulation_Project\bin\Library_MCS- version 2.ipynb: Notebook does not appear to be JSON: ''
2025-04-28 13:56:41,165 - project_utils.readme_parser - WARNING - Failed parsing cloned_repos\fall2017\yingjun2_Final-project\pr_script_1206.ipynb: Notebook does not appear to be JSON: ''
2025-04-28 13:56:41,165 - project_utils.readme_parser - WARNING - Failed parsing cloned_repos\fall2017\yingjun2_Final-project\pr_script_1206_semi.ipynb: Notebook does not appear to be JSON: ''
2025-04-28 13:56:41,184 - project_utils.readme_parser - WARNING - Failed parsing cloned_repos\fall2017\LiriFang_Final-project\Parking Duration.ipynb: Notebook does not appear to be JSON: ''
2025-04-28 13:56:41,188 - project_utils.readme_parser - WARNING - Failed parsing cloned_repos\fall2017\LiriFang_Final-project\PERT.ipynb: Notebook does not appear to be JSON: ''
2025-04-28 13:56:41,193 - project_utils.readme_parser - WARNING - Failed parsing cloned_repos\fall2017\kcwells2_Final-project\World+Series.ipynb: Notebook does not appear to be JSON: ''
2025-04-28 13:56:41,193 - project_utils.readme_parser - WARNING - Failed parsing cloned_repos\fall2017\Xinhe-Peng_Table-Reservation-System\Test.ipynb: Notebook does not appear to be JSON: ''
2025-04-28 13:56:41,194 - project_utils.readme_parser - WARNING - Failed parsing cloned_repos\fall2017\Xinhe-Peng_Table-Reservation-System\process_code\Orders of table_for one restaurant.ipynb: Notebook does not appear to be JSON: ''
2025-04-28 13:56:41,194 - project_utils.readme_parser - WARNING - Failed parsing cloned_repos\fall2017\Xinhe-Peng_Table-Reservation-System\process_code\Server.ipynb: Notebook does not appear to be JSON: ''
2025-04-28 13:56:41,194 - project_utils.readme_parser - WARNING - Failed parsing cloned_repos\fall2017\Xinhe-Peng_Table-Reservation-System\process_code\Test for vip processing.ipynb: Notebook does not appear to be JSON: ''
2025-04-28 13:56:41,200 - project_utils.readme_parser - WARNING - Failed parsing cloned_repos\fall2017\nikolausn_Final-project\Analysis.ipynb: Notebook does not appear to be JSON: ''
2025-04-28 13:56:41,200 - project_utils.readme_parser - WARNING - Failed parsing cloned_repos\fall2017\nikolausn_Final-project\prototype\Analysis.ipynb: Notebook does not appear to be JSON: ''
2025-04-28 13:56:41,201 - project_utils.readme_parser - WARNING - Failed parsing cloned_repos\fall2017\nikolausn_Final-project\prototype\Prototype.ipynb: Notebook does not appear to be JSON: ''
2025-04-28 13:56:41,201 - project_utils.readme_parser - WARNING - Failed parsing cloned_repos\spring2018\isuyash14_Final_Project\Prob_Project_Completion.ipynb: Notebook does not appear to be JSON: ''
2025-04-28 13:56:41,207 - project_utils.readme_parser - WARNING - Failed parsing cloned_repos\spring2018\anmolgandhi_Final_Project\ cryptocurrency analysis.ipynb: Notebook does not appear to be JSON: ''
2025-04-28 13:56:41,209 - project_utils.readme_parser - WARNING - Failed parsing cloned_repos\spring2018\sayaaoi_Nitrogen-Ice-cream-Shop-Monte_Carlo_Simulation\Analysis of simulation.ipynb: Notebook does not appear to be JSON: ''
2025-04-28 13:56:41,214 - project_utils.readme_parser - WARNING - Failed parsing cloned_repos\summer2018\iSchool-590PR-2018-Summer_Final_Project_QiuyanGuo\Example_Plots.ipynb: Notebook does not appear to be JSON: ''
2025-04-28 13:56:41,257 - __main__ - INFO - Inserted batch of 64 projects
2025-04-28 13:56:41,258 - __main__ - INFO - Completed streaming insert: 0 batches, 0 total projects
2025-04-28 13:56:41,258 - __main__ - INFO - All projects inserted in batches.
2025-04-28 14:19:57,240 - project_utils.starter_class - INFO - Loading configuration from D:\UIUC_Academics\Sem-2\PR\Final_Project\config.yaml
2025-04-28 14:19:57,525 - __main__ - INFO - Applied schema from D:\UIUC_Academics\Sem-2\PR\Final_Project\project_utils\postgres_schema\projects_table.sql
2025-04-28 14:19:57,533 - project_utils.readme_parser - WARNING - Failed parsing cloned_repos\fall2017\hp9430_Cryptocurrency-Analysis-and-Monte-Carlo-Simulation\Analysis_Crypto.ipynb: Notebook does not appear to be JSON: ''
2025-04-28 14:19:57,533 - project_utils.readme_parser - WARNING - Failed parsing cloned_repos\fall2017\hp9430_Cryptocurrency-Analysis-and-Monte-Carlo-Simulation\Monte_Carlo.ipynb: Notebook does not appear to be JSON: ''
2025-04-28 14:19:57,533 - project_utils.readme_parser - WARNING - Failed parsing cloned_repos\fall2017\Niteeshkanungo_Final-project\Analysis_Crypto.ipynb: Notebook does not appear to be JSON: ''
2025-04-28 14:19:57,534 - project_utils.readme_parser - WARNING - Failed parsing cloned_repos\fall2017\Niteeshkanungo_Final-project\Monte_Carlo.ipynb: Notebook does not appear to be JSON: ''
2025-04-28 14:19:57,534 - project_utils.readme_parser - WARNING - Failed parsing cloned_repos\fall2017\VeraVasileva_Final-project\MonteCarlo_E-books.ipynb: Notebook does not appear to be JSON: ''
2025-04-28 14:19:57,535 - project_utils.readme_parser - WARNING - Failed parsing cloned_repos\fall2017\padalaV_Final-project\Monte carlo.ipynb: Notebook does not appear to be JSON: ''
2025-04-28 14:19:57,538 - project_utils.readme_parser - WARNING - Failed parsing cloned_repos\fall2017\jlwang233_IS590PR_MonteCarloSimulation_Project\bin\Library_MCS- version 1.ipynb: Notebook does not appear to be JSON: ''
2025-04-28 14:19:57,538 - project_utils.readme_parser - WARNING - Failed parsing cloned_repos\fall2017\jlwang233_IS590PR_MonteCarloSimulation_Project\bin\Library_MCS- version 2.ipynb: Notebook does not appear to be JSON: ''
2025-04-28 14:19:57,539 - project_utils.readme_parser - WARNING - Failed parsing cloned_repos\fall2017\yingjun2_Final-project\pr_script_1206.ipynb: Notebook does not appear to be JSON: ''
2025-04-28 14:19:57,540 - project_utils.readme_parser - WARNING - Failed parsing cloned_repos\fall2017\yingjun2_Final-project\pr_script_1206_semi.ipynb: Notebook does not appear to be JSON: ''
2025-04-28 14:19:57,559 - project_utils.readme_parser - WARNING - Failed parsing cloned_repos\fall2017\LiriFang_Final-project\Parking Duration.ipynb: Notebook does not appear to be JSON: ''
2025-04-28 14:19:57,564 - project_utils.readme_parser - WARNING - Failed parsing cloned_repos\fall2017\LiriFang_Final-project\PERT.ipynb: Notebook does not appear to be JSON: ''
2025-04-28 14:19:57,570 - project_utils.readme_parser - WARNING - Failed parsing cloned_repos\fall2017\kcwells2_Final-project\World+Series.ipynb: Notebook does not appear to be JSON: ''
2025-04-28 14:19:57,571 - project_utils.readme_parser - WARNING - Failed parsing cloned_repos\fall2017\Xinhe-Peng_Table-Reservation-System\Test.ipynb: Notebook does not appear to be JSON: ''
2025-04-28 14:19:57,571 - project_utils.readme_parser - WARNING - Failed parsing cloned_repos\fall2017\Xinhe-Peng_Table-Reservation-System\process_code\Orders of table_for one restaurant.ipynb: Notebook does not appear to be JSON: ''
2025-04-28 14:19:57,573 - project_utils.readme_parser - WARNING - Failed parsing cloned_repos\fall2017\Xinhe-Peng_Table-Reservation-System\process_code\Server.ipynb: Notebook does not appear to be JSON: ''
2025-04-28 14:19:57,573 - project_utils.readme_parser - WARNING - Failed parsing cloned_repos\fall2017\Xinhe-Peng_Table-Reservation-System\process_code\Test for vip processing.ipynb: Notebook does not appear to be JSON: ''
2025-04-28 14:19:57,579 - project_utils.readme_parser - WARNING - Failed parsing cloned_repos\fall2017\nikolausn_Final-project\Analysis.ipynb: Notebook does not appear to be JSON: ''
2025-04-28 14:19:57,580 - project_utils.readme_parser - WARNING - Failed parsing cloned_repos\fall2017\nikolausn_Final-project\prototype\Analysis.ipynb: Notebook does not appear to be JSON: ''
2025-04-28 14:19:57,580 - project_utils.readme_parser - WARNING - Failed parsing cloned_repos\fall2017\nikolausn_Final-project\prototype\Prototype.ipynb: Notebook does not appear to be JSON: ''
2025-04-28 14:19:57,581 - project_utils.readme_parser - WARNING - Failed parsing cloned_repos\spring2018\isuyash14_Final_Project\Prob_Project_Completion.ipynb: Notebook does not appear to be JSON: ''
2025-04-28 14:19:57,591 - project_utils.readme_parser - WARNING - Failed parsing cloned_repos\spring2018\anmolgandhi_Final_Project\ cryptocurrency analysis.ipynb: Notebook does not appear to be JSON: ''
2025-04-28 14:19:57,593 - project_utils.readme_parser - WARNING - Failed parsing cloned_repos\spring2018\sayaaoi_Nitrogen-Ice-cream-Shop-Monte_Carlo_Simulation\Analysis of simulation.ipynb: Notebook does not appear to be JSON: ''
2025-04-28 14:19:57,597 - project_utils.readme_parser - WARNING - Failed parsing cloned_repos\summer2018\iSchool-590PR-2018-Summer_Final_Project_QiuyanGuo\Example_Plots.ipynb: Notebook does not appear to be JSON: ''
2025-04-28 14:19:57,659 - __main__ - INFO - Inserted batch of 64 projects
2025-04-28 14:19:57,659 - __main__ - INFO - Completed streaming insert: 0 batches, 0 total projects
2025-04-28 14:19:57,660 - __main__ - INFO - All projects inserted in batches.
2025-04-28 14:21:13,552 - project_utils.starter_class - INFO - Loading configuration from D:\UIUC_Academics\Sem-2\PR\Final_Project\config.yaml
2025-04-28 14:21:14,028 - __main__ - INFO - Applied schema from D:\UIUC_Academics\Sem-2\PR\Final_Project\project_utils\postgres_schema\projects_table.sql
2025-04-28 14:39:28,571 - project_utils.starter_class - INFO - Loading configuration from D:\UIUC_Academics\Sem-2\PR\Final_Project\config.yaml
2025-04-28 14:39:28,867 - __main__ - INFO - Applied schema from D:\UIUC_Academics\Sem-2\PR\Final_Project\project_utils\postgres_schema\projects_table.sql
2025-04-28 14:39:28,876 - project_utils.readme_parser - WARNING - Failed parsing cloned_repos\fall2017\hp9430_Cryptocurrency-Analysis-and-Monte-Carlo-Simulation\Analysis_Crypto.ipynb: Notebook does not appear to be JSON: ''
2025-04-28 14:39:28,876 - project_utils.readme_parser - WARNING - Failed parsing cloned_repos\fall2017\hp9430_Cryptocurrency-Analysis-and-Monte-Carlo-Simulation\Monte_Carlo.ipynb: Notebook does not appear to be JSON: ''
2025-04-28 14:39:28,877 - project_utils.readme_parser - WARNING - Failed parsing cloned_repos\fall2017\Niteeshkanungo_Final-project\Analysis_Crypto.ipynb: Notebook does not appear to be JSON: ''
2025-04-28 14:39:28,877 - project_utils.readme_parser - WARNING - Failed parsing cloned_repos\fall2017\Niteeshkanungo_Final-project\Monte_Carlo.ipynb: Notebook does not appear to be JSON: ''
2025-04-28 14:39:28,878 - project_utils.readme_parser - WARNING - Failed parsing cloned_repos\fall2017\VeraVasileva_Final-project\MonteCarlo_E-books.ipynb: Notebook does not appear to be JSON: ''
2025-04-28 14:39:28,879 - project_utils.readme_parser - WARNING - Failed parsing cloned_repos\fall2017\padalaV_Final-project\Monte carlo.ipynb: Notebook does not appear to be JSON: ''
2025-04-28 14:39:28,882 - project_utils.readme_parser - WARNING - Failed parsing cloned_repos\fall2017\jlwang233_IS590PR_MonteCarloSimulation_Project\bin\Library_MCS- version 1.ipynb: Notebook does not appear to be JSON: ''
2025-04-28 14:39:28,882 - project_utils.readme_parser - WARNING - Failed parsing cloned_repos\fall2017\jlwang233_IS590PR_MonteCarloSimulation_Project\bin\Library_MCS- version 2.ipynb: Notebook does not appear to be JSON: ''
2025-04-28 14:39:28,883 - project_utils.readme_parser - WARNING - Failed parsing cloned_repos\fall2017\yingjun2_Final-project\pr_script_1206.ipynb: Notebook does not appear to be JSON: ''
2025-04-28 14:39:28,883 - project_utils.readme_parser - WARNING - Failed parsing cloned_repos\fall2017\yingjun2_Final-project\pr_script_1206_semi.ipynb: Notebook does not appear to be JSON: ''
2025-04-28 14:39:28,903 - project_utils.readme_parser - WARNING - Failed parsing cloned_repos\fall2017\LiriFang_Final-project\Parking Duration.ipynb: Notebook does not appear to be JSON: ''
2025-04-28 14:39:28,908 - project_utils.readme_parser - WARNING - Failed parsing cloned_repos\fall2017\LiriFang_Final-project\PERT.ipynb: Notebook does not appear to be JSON: ''
2025-04-28 14:39:28,915 - project_utils.readme_parser - WARNING - Failed parsing cloned_repos\fall2017\kcwells2_Final-project\World+Series.ipynb: Notebook does not appear to be JSON: ''
2025-04-28 14:39:28,917 - project_utils.readme_parser - WARNING - Failed parsing cloned_repos\fall2017\Xinhe-Peng_Table-Reservation-System\Test.ipynb: Notebook does not appear to be JSON: ''
2025-04-28 14:39:28,917 - project_utils.readme_parser - WARNING - Failed parsing cloned_repos\fall2017\Xinhe-Peng_Table-Reservation-System\process_code\Orders of table_for one restaurant.ipynb: Notebook does not appear to be JSON: ''
2025-04-28 14:39:28,918 - project_utils.readme_parser - WARNING - Failed parsing cloned_repos\fall2017\Xinhe-Peng_Table-Reservation-System\process_code\Server.ipynb: Notebook does not appear to be JSON: ''
2025-04-28 14:39:28,918 - project_utils.readme_parser - WARNING - Failed parsing cloned_repos\fall2017\Xinhe-Peng_Table-Reservation-System\process_code\Test for vip processing.ipynb: Notebook does not appear to be JSON: ''
2025-04-28 14:39:28,927 - project_utils.readme_parser - WARNING - Failed parsing cloned_repos\fall2017\nikolausn_Final-project\Analysis.ipynb: Notebook does not appear to be JSON: ''
2025-04-28 14:39:28,928 - project_utils.readme_parser - WARNING - Failed parsing cloned_repos\fall2017\nikolausn_Final-project\prototype\Analysis.ipynb: Notebook does not appear to be JSON: ''
2025-04-28 14:39:28,928 - project_utils.readme_parser - WARNING - Failed parsing cloned_repos\fall2017\nikolausn_Final-project\prototype\Prototype.ipynb: Notebook does not appear to be JSON: ''
2025-04-28 14:39:28,929 - project_utils.readme_parser - WARNING - Failed parsing cloned_repos\spring2018\isuyash14_Final_Project\Prob_Project_Completion.ipynb: Notebook does not appear to be JSON: ''
2025-04-28 14:39:28,942 - project_utils.readme_parser - WARNING - Failed parsing cloned_repos\spring2018\anmolgandhi_Final_Project\ cryptocurrency analysis.ipynb: Notebook does not appear to be JSON: ''
2025-04-28 14:39:28,943 - project_utils.readme_parser - WARNING - Failed parsing cloned_repos\spring2018\sayaaoi_Nitrogen-Ice-cream-Shop-Monte_Carlo_Simulation\Analysis of simulation.ipynb: Notebook does not appear to be JSON: ''
2025-04-28 14:39:28,949 - project_utils.readme_parser - WARNING - Failed parsing cloned_repos\summer2018\iSchool-590PR-2018-Summer_Final_Project_QiuyanGuo\Example_Plots.ipynb: Notebook does not appear to be JSON: ''
2025-04-28 14:39:29,012 - __main__ - INFO - Inserted batch 0 (64 projects)
2025-04-28 14:39:29,013 - __main__ - INFO - Streaming complete: 1 batches, 64 total projects inserted
2025-04-28 14:39:29,013 - __main__ - INFO - All done.
2025-04-28 14:40:27,319 - project_utils.starter_class - INFO - Loading configuration from D:\UIUC_Academics\Sem-2\PR\Final_Project\config.yaml
2025-04-28 14:40:27,786 - __main__ - INFO - Applied schema from D:\UIUC_Academics\Sem-2\PR\Final_Project\project_utils\postgres_schema\projects_table.sql
2025-04-28 14:50:43,877 - project_utils.starter_class - INFO - Loading configuration from D:\UIUC_Academics\Sem-2\PR\Final_Project\config.yaml
2025-04-28 14:50:44,236 - __main__ - INFO - Applied schema from D:\UIUC_Academics\Sem-2\PR\Final_Project\project_utils\postgres_schema\projects_table.sql
2025-04-28 14:52:00,396 - project_utils.starter_class - INFO - Loading configuration from D:\UIUC_Academics\Sem-2\PR\Final_Project\config.yaml
2025-04-28 14:52:00,784 - __main__ - INFO - Applied schema from D:\UIUC_Academics\Sem-2\PR\Final_Project\project_utils\postgres_schema\projects_table.sql
2025-04-28 14:52:41,476 - project_utils.starter_class - INFO - Loading configuration from D:\UIUC_Academics\Sem-2\PR\Final_Project\config.yaml
2025-04-28 14:52:41,783 - __main__ - INFO - Applied schema from D:\UIUC_Academics\Sem-2\PR\Final_Project\project_utils\postgres_schema\projects_table.sql
2025-04-28 14:52:41,815 - __main__ - INFO - Inserted batch 0 (64 projects)
2025-04-28 14:52:41,817 - __main__ - INFO - Streaming complete: 1 batches, 64 total projects inserted
2025-04-28 14:52:41,817 - __main__ - INFO - All done.
2025-04-28 14:53:06,265 - project_utils.starter_class - INFO - Loading configuration from D:\UIUC_Academics\Sem-2\PR\Final_Project\config.yaml
2025-04-28 14:53:06,274 - __main__ - INFO - Starting GitHubCloner with sparse paths: ['README.md', '*.py', '**/*.py', '*.ipynb', '**/*.ipynb']
2025-04-28 14:53:06,297 - __main__ - INFO - Fetching forks (page 1) from iSchool-590PR-2017Fall/Final-project (Fall 2017)...
2025-04-28 14:53:13,736 - __main__ - INFO - Fetching forks (page 2) from iSchool-590PR-2017Fall/Final-project (Fall 2017)...
2025-04-28 14:53:13,845 - __main__ - INFO - Fetching forks (page 1) from iSchool-590PR-2018Spring/Final_Project (Spring 2018)...
2025-04-28 14:53:18,750 - __main__ - INFO - Fetching forks (page 2) from iSchool-590PR-2018Spring/Final_Project (Spring 2018)...
2025-04-28 14:53:18,835 - __main__ - INFO - Fetching forks (page 1) from iSchool-590PR-2018-Summer/Final_Project (Summer 2018)...
2025-04-28 14:53:21,412 - __main__ - INFO - Fetching forks (page 2) from iSchool-590PR-2018-Summer/Final_Project (Summer 2018)...
2025-04-28 14:53:21,523 - __main__ - INFO - Attempting sparse clone of https://github.com/GKAaron/Final-project.git into cloned_repos\fall2017\GKAaron_Final-project...
2025-04-28 14:53:21,523 - __main__ - INFO - Attempting sparse clone of https://github.com/Bharath-Ganesh/Final-project.git into cloned_repos\fall2017\Bharath-Ganesh_Final-project...
2025-04-28 14:53:21,523 - __main__ - INFO - Attempting sparse clone of https://github.com/Niteeshkanungo/Final-project.git into cloned_repos\fall2017\Niteeshkanungo_Final-project...
2025-04-28 14:53:21,523 - __main__ - INFO - Attempting sparse clone of https://github.com/padalaV/Final-project.git into cloned_repos\fall2017\padalaV_Final-project...
2025-04-28 14:53:21,525 - __main__ - INFO - Attempting sparse clone of https://github.com/hp9430/Cryptocurrency-Analysis-and-Monte-Carlo-Simulation.git into cloned_repos\fall2017\hp9430_Cryptocurrency-Analysis-and-Monte-Carlo-Simulation...
2025-04-28 14:53:21,525 - __main__ - INFO - Attempting sparse clone of https://github.com/VeraVasileva/Final-project.git into cloned_repos\fall2017\VeraVasileva_Final-project...
2025-04-28 14:53:24,532 - __main__ - INFO - Successfully sparse cloned into cloned_repos\fall2017\Bharath-Ganesh_Final-project
2025-04-28 14:53:24,533 - __main__ - INFO - Attempting sparse clone of https://github.com/nanda94/Final-project.git into cloned_repos\fall2017\nanda94_Final-project...
2025-04-28 14:53:24,570 - __main__ - INFO - Successfully sparse cloned into cloned_repos\fall2017\padalaV_Final-project
2025-04-28 14:53:24,570 - __main__ - INFO - Successfully sparse cloned into cloned_repos\fall2017\GKAaron_Final-project
2025-04-28 14:53:24,571 - __main__ - INFO - Attempting sparse clone of https://github.com/shrutisankolli/Final-project.git into cloned_repos\fall2017\shrutisankolli_Final-project...
2025-04-28 14:53:24,572 - __main__ - INFO - Attempting sparse clone of https://github.com/NNallapu/Final-project.git into cloned_repos\fall2017\NNallapu_Final-project...
2025-04-28 14:53:24,576 - __main__ - INFO - Successfully sparse cloned into cloned_repos\fall2017\VeraVasileva_Final-project
2025-04-28 14:53:24,576 - __main__ - INFO - Attempting sparse clone of https://github.com/lijiawei0418/Final-project.git into cloned_repos\fall2017\lijiawei0418_Final-project...
2025-04-28 14:53:24,855 - __main__ - INFO - Successfully sparse cloned into cloned_repos\fall2017\hp9430_Cryptocurrency-Analysis-and-Monte-Carlo-Simulation
2025-04-28 14:53:24,856 - __main__ - INFO - Attempting sparse clone of https://github.com/uuvkk/Prediction-of-Probability-for-Products-Making.git into cloned_repos\fall2017\uuvkk_Prediction-of-Probability-for-Products-Making...
2025-04-28 14:53:24,896 - __main__ - INFO - Successfully sparse cloned into cloned_repos\fall2017\Niteeshkanungo_Final-project
2025-04-28 14:53:24,897 - __main__ - INFO - Attempting sparse clone of https://github.com/JeanZijunCai/IS590-Final-project.git into cloned_repos\fall2017\JeanZijunCai_IS590-Final-project...
2025-04-28 14:53:25,661 - __main__ - INFO - Successfully sparse cloned into cloned_repos\fall2017\NNallapu_Final-project
2025-04-28 14:53:25,661 - __main__ - INFO - Attempting sparse clone of https://github.com/jlwang233/IS590PR_MonteCarloSimulation_Project.git into cloned_repos\fall2017\jlwang233_IS590PR_MonteCarloSimulation_Project...
2025-04-28 14:53:25,674 - __main__ - INFO - Successfully sparse cloned into cloned_repos\fall2017\shrutisankolli_Final-project
2025-04-28 14:53:25,675 - __main__ - INFO - Attempting sparse clone of https://github.com/yingjun2/Final-project.git into cloned_repos\fall2017\yingjun2_Final-project...
2025-04-28 14:53:25,696 - __main__ - INFO - Successfully sparse cloned into cloned_repos\fall2017\lijiawei0418_Final-project
2025-04-28 14:53:25,698 - __main__ - INFO - Attempting sparse clone of https://github.com/jingdu615/Final-project.git into cloned_repos\fall2017\jingdu615_Final-project...
2025-04-28 14:53:25,875 - __main__ - INFO - Successfully sparse cloned into cloned_repos\fall2017\uuvkk_Prediction-of-Probability-for-Products-Making
2025-04-28 14:53:25,876 - __main__ - INFO - Attempting sparse clone of https://github.com/LiriFang/Final-project.git into cloned_repos\fall2017\LiriFang_Final-project...
2025-04-28 14:53:25,882 - __main__ - INFO - Successfully sparse cloned into cloned_repos\fall2017\nanda94_Final-project
2025-04-28 14:53:25,884 - __main__ - INFO - Attempting sparse clone of https://github.com/kcwells2/Final-project.git into cloned_repos\fall2017\kcwells2_Final-project...
2025-04-28 14:53:26,038 - __main__ - INFO - Successfully sparse cloned into cloned_repos\fall2017\JeanZijunCai_IS590-Final-project
2025-04-28 14:53:26,039 - __main__ - INFO - Attempting sparse clone of https://github.com/TeemosCode/Final-project.git into cloned_repos\fall2017\TeemosCode_Final-project...
2025-04-28 14:53:26,815 - __main__ - INFO - Successfully sparse cloned into cloned_repos\fall2017\jingdu615_Final-project
2025-04-28 14:53:26,815 - __main__ - INFO - Attempting sparse clone of https://github.com/HDShaw/Final-project.git into cloned_repos\fall2017\HDShaw_Final-project...
2025-04-28 14:53:26,829 - __main__ - INFO - Successfully sparse cloned into cloned_repos\fall2017\jlwang233_IS590PR_MonteCarloSimulation_Project
2025-04-28 14:53:26,830 - __main__ - INFO - Attempting sparse clone of https://github.com/shivankmishra/Final-project.git into cloned_repos\fall2017\shivankmishra_Final-project...
2025-04-28 14:53:26,965 - __main__ - INFO - Successfully sparse cloned into cloned_repos\fall2017\yingjun2_Final-project
2025-04-28 14:53:26,967 - __main__ - INFO - Attempting sparse clone of https://github.com/Xinhe-Peng/Table-Reservation-System.git into cloned_repos\fall2017\Xinhe-Peng_Table-Reservation-System...
2025-04-28 14:53:26,993 - __main__ - INFO - Successfully sparse cloned into cloned_repos\fall2017\kcwells2_Final-project
2025-04-28 14:53:26,995 - __main__ - INFO - Attempting sparse clone of https://github.com/SitiZhang/Final-project.git into cloned_repos\fall2017\SitiZhang_Final-project...
2025-04-28 14:53:27,027 - __main__ - INFO - Successfully sparse cloned into cloned_repos\fall2017\LiriFang_Final-project
2025-04-28 14:53:27,029 - __main__ - INFO - Attempting sparse clone of https://github.com/shy950521/Final-project.git into cloned_repos\fall2017\shy950521_Final-project...
2025-04-28 14:53:27,283 - __main__ - INFO - Successfully sparse cloned into cloned_repos\fall2017\TeemosCode_Final-project
2025-04-28 14:53:27,284 - __main__ - INFO - Attempting sparse clone of https://github.com/tingzhan19921001/Final-project.git into cloned_repos\fall2017\tingzhan19921001_Final-project...
2025-04-28 14:53:27,831 - __main__ - INFO - Successfully sparse cloned into cloned_repos\fall2017\HDShaw_Final-project
2025-04-28 14:53:27,831 - __main__ - INFO - Attempting sparse clone of https://github.com/Xingxing1018/Final-project.git into cloned_repos\fall2017\Xingxing1018_Final-project...
2025-04-28 14:53:27,908 - __main__ - INFO - Successfully sparse cloned into cloned_repos\fall2017\shivankmishra_Final-project
2025-04-28 14:53:27,910 - __main__ - INFO - Attempting sparse clone of https://github.com/Wenjun2/Final-project-1.git into cloned_repos\fall2017\Wenjun2_Final-project-1...
2025-04-28 14:53:28,080 - __main__ - INFO - Successfully sparse cloned into cloned_repos\fall2017\shy950521_Final-project
2025-04-28 14:53:28,082 - __main__ - INFO - Attempting sparse clone of https://github.com/jiajunc/Final-project.git into cloned_repos\fall2017\jiajunc_Final-project...
2025-04-28 14:53:28,099 - __main__ - INFO - Successfully sparse cloned into cloned_repos\fall2017\Xinhe-Peng_Table-Reservation-System
2025-04-28 14:53:28,099 - __main__ - INFO - Attempting sparse clone of https://github.com/nateve/Final-project.git into cloned_repos\fall2017\nateve_Final-project...
2025-04-28 14:53:28,152 - __main__ - INFO - Successfully sparse cloned into cloned_repos\fall2017\SitiZhang_Final-project
2025-04-28 14:53:28,153 - __main__ - INFO - Attempting sparse clone of https://github.com/NIKEmissa/Final-project.git into cloned_repos\fall2017\NIKEmissa_Final-project...
2025-04-28 14:53:28,197 - __main__ - INFO - Successfully sparse cloned into cloned_repos\fall2017\tingzhan19921001_Final-project
2025-04-28 14:53:28,198 - __main__ - INFO - Attempting sparse clone of https://github.com/vasu26/Final-project.git into cloned_repos\fall2017\vasu26_Final-project...
2025-04-28 14:53:28,767 - __main__ - INFO - Successfully sparse cloned into cloned_repos\fall2017\Xingxing1018_Final-project
2025-04-28 14:53:28,768 - __main__ - INFO - Attempting sparse clone of https://github.com/nihalij2/Final-project.git into cloned_repos\fall2017\nihalij2_Final-project...
2025-04-28 14:53:28,941 - __main__ - INFO - Successfully sparse cloned into cloned_repos\fall2017\Wenjun2_Final-project-1
2025-04-28 14:53:28,942 - __main__ - INFO - Attempting sparse clone of https://github.com/AmarisS/Final-project.git into cloned_repos\fall2017\AmarisS_Final-project...
2025-04-28 14:53:29,134 - __main__ - INFO - Successfully sparse cloned into cloned_repos\fall2017\jiajunc_Final-project
2025-04-28 14:53:29,135 - __main__ - INFO - Attempting sparse clone of https://github.com/CarolGo/Final-project.git into cloned_repos\fall2017\CarolGo_Final-project...
2025-04-28 14:53:29,253 - __main__ - INFO - Successfully sparse cloned into cloned_repos\fall2017\NIKEmissa_Final-project
2025-04-28 14:53:29,254 - __main__ - INFO - Attempting sparse clone of https://github.com/nikolausn/Final-project.git into cloned_repos\fall2017\nikolausn_Final-project...
2025-04-28 14:53:29,267 - __main__ - INFO - Successfully sparse cloned into cloned_repos\fall2017\nateve_Final-project
2025-04-28 14:53:29,268 - __main__ - INFO - Attempting sparse clone of https://github.com/isuyash14/Final_Project.git into cloned_repos\spring2018\isuyash14_Final_Project...
2025-04-28 14:53:29,634 - __main__ - INFO - Successfully sparse cloned into cloned_repos\fall2017\vasu26_Final-project
2025-04-28 14:53:29,635 - __main__ - INFO - Attempting sparse clone of https://github.com/aditia3/Final_Project.git into cloned_repos\spring2018\aditia3_Final_Project...
2025-04-28 14:53:29,678 - __main__ - INFO - Successfully sparse cloned into cloned_repos\fall2017\nihalij2_Final-project
2025-04-28 14:53:29,679 - __main__ - INFO - Attempting sparse clone of https://github.com/AayushiVora/Final_Project.git into cloned_repos\spring2018\AayushiVora_Final_Project...
2025-04-28 14:53:29,963 - __main__ - INFO - Successfully sparse cloned into cloned_repos\fall2017\AmarisS_Final-project
2025-04-28 14:53:29,964 - __main__ - INFO - Attempting sparse clone of https://github.com/HanLiwillhaveOffer/Final_Project.git into cloned_repos\spring2018\HanLiwillhaveOffer_Final_Project...
2025-04-28 14:53:30,167 - __main__ - INFO - Successfully sparse cloned into cloned_repos\fall2017\CarolGo_Final-project
2025-04-28 14:53:30,168 - __main__ - INFO - Attempting sparse clone of https://github.com/harsha491/Final_Project.git into cloned_repos\spring2018\harsha491_Final_Project...
2025-04-28 14:53:30,392 - __main__ - INFO - Successfully sparse cloned into cloned_repos\spring2018\isuyash14_Final_Project
2025-04-28 14:53:30,394 - __main__ - INFO - Attempting sparse clone of https://github.com/YanyuWang/Final_Project.git into cloned_repos\spring2018\YanyuWang_Final_Project...
2025-04-28 14:53:30,771 - __main__ - INFO - Successfully sparse cloned into cloned_repos\fall2017\nikolausn_Final-project
2025-04-28 14:53:30,772 - __main__ - INFO - Successfully sparse cloned into cloned_repos\spring2018\AayushiVora_Final_Project
2025-04-28 14:53:30,773 - __main__ - INFO - Attempting sparse clone of https://github.com/yahanz/Final_Project.git into cloned_repos\spring2018\yahanz_Final_Project...
2025-04-28 14:53:30,773 - __main__ - INFO - Attempting sparse clone of https://github.com/lemonround1995/Final_Project.git into cloned_repos\spring2018\lemonround1995_Final_Project...
2025-04-28 14:53:30,813 - __main__ - INFO - Successfully sparse cloned into cloned_repos\spring2018\HanLiwillhaveOffer_Final_Project
2025-04-28 14:53:30,814 - __main__ - INFO - Attempting sparse clone of https://github.com/yixin5/Final_Project.git into cloned_repos\spring2018\yixin5_Final_Project...
2025-04-28 14:53:30,841 - __main__ - INFO - Successfully sparse cloned into cloned_repos\spring2018\aditia3_Final_Project
2025-04-28 14:53:30,841 - __main__ - INFO - Attempting sparse clone of https://github.com/YZ-UIUC/Final_Project.git into cloned_repos\spring2018\YZ-UIUC_Final_Project...
2025-04-28 14:53:31,242 - __main__ - INFO - Successfully sparse cloned into cloned_repos\spring2018\harsha491_Final_Project
2025-04-28 14:53:31,243 - __main__ - INFO - Attempting sparse clone of https://github.com/yujiawang4/Final_Project.git into cloned_repos\spring2018\yujiawang4_Final_Project...
2025-04-28 14:53:31,368 - __main__ - INFO - Successfully sparse cloned into cloned_repos\spring2018\YanyuWang_Final_Project
2025-04-28 14:53:31,369 - __main__ - INFO - Attempting sparse clone of https://github.com/hyestt/Final_Project.git into cloned_repos\spring2018\hyestt_Final_Project...
2025-04-28 14:53:31,852 - __main__ - INFO - Successfully sparse cloned into cloned_repos\spring2018\yahanz_Final_Project
2025-04-28 14:53:31,852 - __main__ - INFO - Attempting sparse clone of https://github.com/rosafsw/Final_Project.git into cloned_repos\spring2018\rosafsw_Final_Project...
2025-04-28 14:53:31,968 - __main__ - INFO - Successfully sparse cloned into cloned_repos\spring2018\lemonround1995_Final_Project
2025-04-28 14:53:31,969 - __main__ - INFO - Attempting sparse clone of https://github.com/aarushi50/BINGO-A-Monte-Carlo-Application.git into cloned_repos\spring2018\aarushi50_BINGO-A-Monte-Carlo-Application...
2025-04-28 14:53:32,110 - __main__ - INFO - Successfully sparse cloned into cloned_repos\spring2018\yixin5_Final_Project
2025-04-28 14:53:32,111 - __main__ - INFO - Attempting sparse clone of https://github.com/ChaohanShang/Final_Project.git into cloned_repos\spring2018\ChaohanShang_Final_Project...
2025-04-28 14:53:32,169 - __main__ - INFO - Successfully sparse cloned into cloned_repos\spring2018\YZ-UIUC_Final_Project
2025-04-28 14:53:32,170 - __main__ - INFO - Attempting sparse clone of https://github.com/hiralrayani/World-Cup-Simulator.git into cloned_repos\spring2018\hiralrayani_World-Cup-Simulator...
2025-04-28 14:53:32,275 - __main__ - INFO - Successfully sparse cloned into cloned_repos\spring2018\yujiawang4_Final_Project
2025-04-28 14:53:32,276 - __main__ - INFO - Attempting sparse clone of https://github.com/anmolgandhi/Final_Project.git into cloned_repos\spring2018\anmolgandhi_Final_Project...
2025-04-28 14:53:32,291 - __main__ - INFO - Successfully sparse cloned into cloned_repos\spring2018\hyestt_Final_Project
2025-04-28 14:53:32,292 - __main__ - INFO - Attempting sparse clone of https://github.com/daisiran/Final_Project.git into cloned_repos\spring2018\daisiran_Final_Project...
2025-04-28 14:53:32,903 - __main__ - INFO - Successfully sparse cloned into cloned_repos\spring2018\rosafsw_Final_Project
2025-04-28 14:53:32,903 - __main__ - INFO - Attempting sparse clone of https://github.com/sayaaoi/Nitrogen-Ice-cream-Shop-Monte_Carlo_Simulation.git into cloned_repos\spring2018\sayaaoi_Nitrogen-Ice-cream-Shop-Monte_Carlo_Simulation...
2025-04-28 14:53:33,201 - __main__ - INFO - Successfully sparse cloned into cloned_repos\spring2018\ChaohanShang_Final_Project
2025-04-28 14:53:33,202 - __main__ - INFO - Attempting sparse clone of https://github.com/shuyanl3/Final_Project.git into cloned_repos\spring2018\shuyanl3_Final_Project...
2025-04-28 14:53:33,342 - __main__ - INFO - Successfully sparse cloned into cloned_repos\spring2018\aarushi50_BINGO-A-Monte-Carlo-Application
2025-04-28 14:53:33,343 - __main__ - INFO - Attempting sparse clone of https://github.com/95chenjz/Monte-Carlo-Simulation-for-Pack-opening-Strategies.git into cloned_repos\spring2018\95chenjz_Monte-Carlo-Simulation-for-Pack-opening-Strategies...
2025-04-28 14:53:33,432 - __main__ - INFO - Successfully sparse cloned into cloned_repos\spring2018\hiralrayani_World-Cup-Simulator
2025-04-28 14:53:33,433 - __main__ - INFO - Attempting sparse clone of https://github.com/iSchool-590PR-2018-Summer/Final_Project_VladislavEkimtcov.git into cloned_repos\summer2018\iSchool-590PR-2018-Summer_Final_Project_VladislavEkimtcov...
2025-04-28 14:53:33,471 - __main__ - INFO - Successfully sparse cloned into cloned_repos\spring2018\daisiran_Final_Project
2025-04-28 14:53:33,472 - __main__ - INFO - Attempting sparse clone of https://github.com/iSchool-590PR-2018-Summer/Final_Project_slieu2.git into cloned_repos\summer2018\iSchool-590PR-2018-Summer_Final_Project_slieu2...
2025-04-28 14:53:34,292 - __main__ - INFO - Successfully sparse cloned into cloned_repos\spring2018\shuyanl3_Final_Project
2025-04-28 14:53:34,293 - __main__ - INFO - Attempting sparse clone of https://github.com/iSchool-590PR-2018-Summer/Final_Project_QiuyanGuo.git into cloned_repos\summer2018\iSchool-590PR-2018-Summer_Final_Project_QiuyanGuo...
2025-04-28 14:53:34,605 - __main__ - INFO - Successfully sparse cloned into cloned_repos\summer2018\iSchool-590PR-2018-Summer_Final_Project_slieu2
2025-04-28 14:53:34,607 - __main__ - INFO - Attempting sparse clone of https://github.com/iSchool-590PR-2018-Summer/Final_Project_nmwolf.git into cloned_repos\summer2018\iSchool-590PR-2018-Summer_Final_Project_nmwolf...
2025-04-28 14:53:34,611 - __main__ - INFO - Successfully sparse cloned into cloned_repos\spring2018\anmolgandhi_Final_Project
2025-04-28 14:53:34,612 - __main__ - INFO - Attempting sparse clone of https://github.com/iSchool-590PR-2018-Summer/Final_Project_joshfactorial.git into cloned_repos\summer2018\iSchool-590PR-2018-Summer_Final_Project_joshfactorial...
2025-04-28 14:53:34,614 - __main__ - INFO - Successfully sparse cloned into cloned_repos\summer2018\iSchool-590PR-2018-Summer_Final_Project_VladislavEkimtcov
2025-04-28 14:53:34,615 - __main__ - INFO - Attempting sparse clone of https://github.com/iSchool-590PR-2018-Summer/Final_Project_F1Mider.git into cloned_repos\summer2018\iSchool-590PR-2018-Summer_Final_Project_F1Mider...
2025-04-28 14:53:34,923 - __main__ - INFO - Successfully sparse cloned into cloned_repos\spring2018\95chenjz_Monte-Carlo-Simulation-for-Pack-opening-Strategies
2025-04-28 14:53:34,923 - __main__ - INFO - Attempting sparse clone of https://github.com/iSchool-590PR-2018-Summer/Final_Project_ewijohnson.git into cloned_repos\summer2018\iSchool-590PR-2018-Summer_Final_Project_ewijohnson...
2025-04-28 14:53:35,274 - __main__ - INFO - Successfully sparse cloned into cloned_repos\spring2018\sayaaoi_Nitrogen-Ice-cream-Shop-Monte_Carlo_Simulation
2025-04-28 14:53:35,275 - __main__ - INFO - Attempting sparse clone of https://github.com/iSchool-590PR-2018-Summer/Final_Project_apjanco.git into cloned_repos\summer2018\iSchool-590PR-2018-Summer_Final_Project_apjanco...
2025-04-28 14:53:35,340 - __main__ - INFO - Successfully sparse cloned into cloned_repos\summer2018\iSchool-590PR-2018-Summer_Final_Project_QiuyanGuo
2025-04-28 14:53:35,341 - __main__ - INFO - Attempting sparse clone of https://github.com/iSchool-590PR-2018-Summer/Final_Project_ajcav.git into cloned_repos\summer2018\iSchool-590PR-2018-Summer_Final_Project_ajcav...
2025-04-28 14:53:35,760 - __main__ - INFO - Successfully sparse cloned into cloned_repos\summer2018\iSchool-590PR-2018-Summer_Final_Project_F1Mider
2025-04-28 14:53:35,765 - __main__ - INFO - Successfully sparse cloned into cloned_repos\summer2018\iSchool-590PR-2018-Summer_Final_Project_joshfactorial
2025-04-28 14:53:35,937 - __main__ - INFO - Successfully sparse cloned into cloned_repos\summer2018\iSchool-590PR-2018-Summer_Final_Project_nmwolf
2025-04-28 14:53:36,969 - __main__ - INFO - Successfully sparse cloned into cloned_repos\summer2018\iSchool-590PR-2018-Summer_Final_Project_apjanco
2025-04-28 14:53:36,978 - __main__ - INFO - Successfully sparse cloned into cloned_repos\summer2018\iSchool-590PR-2018-Summer_Final_Project_ajcav
2025-04-28 14:53:37,018 - __main__ - INFO - Successfully sparse cloned into cloned_repos\summer2018\iSchool-590PR-2018-Summer_Final_Project_ewijohnson
2025-04-28 14:53:37,019 - __main__ - INFO - Cloning completed. Total projects: 64
2025-04-28 14:54:20,360 - project_utils.starter_class - INFO - Loading configuration from D:\UIUC_Academics\Sem-2\PR\Final_Project\config.yaml
2025-04-28 14:54:20,830 - __main__ - INFO - Applied schema from D:\UIUC_Academics\Sem-2\PR\Final_Project\project_utils\postgres_schema\projects_table.sql
2025-04-28 14:54:23,334 - __main__ - INFO - Inserted batch 0 (64 projects)
2025-04-28 14:54:23,335 - __main__ - INFO - Streaming complete: 1 batches, 64 total projects inserted
2025-04-28 14:54:23,336 - __main__ - INFO - All done.
